<?xml version="1.0" ?>
<coverage branch-rate="0" branches-covered="0" branches-valid="0" complexity="0" line-rate="0.9196" lines-covered="2117" lines-valid="2302" timestamp="1586682160357" version="5.0.4">
	<!-- Generated by coverage.py: https://coverage.readthedocs.io -->
	<!-- Based on https://raw.githubusercontent.com/cobertura/web/master/htdocs/xml/coverage-04.dtd -->
	<sources>
		<source></source>
	</sources>
	<packages>
		<package branch-rate="0" complexity="0" line-rate="0.8992" name=".home.makism.Github.dyconnmap-public-master.dyconnmap">
			<classes>
				<class branch-rate="0" complexity="0" filename="/home/makism/Github/dyconnmap-public-master/dyconnmap/__init__.py" line-rate="1" name="__init__.py">
					<methods/>
					<lines>
						<line hits="1" number="2"/>
						<line hits="1" number="7"/>
						<line hits="1" number="8"/>
						<line hits="1" number="9"/>
						<line hits="1" number="11"/>
					</lines>
				</class>
				<class branch-rate="0" complexity="0" filename="/home/makism/Github/dyconnmap-public-master/dyconnmap/analytic_signal.py" line-rate="1" name="analytic_signal.py">
					<methods/>
					<lines>
						<line hits="1" number="2"/>
						<line hits="1" number="42"/>
						<line hits="1" number="43"/>
						<line hits="1" number="44"/>
						<line hits="1" number="47"/>
						<line hits="1" number="83"/>
						<line hits="1" number="85"/>
						<line hits="1" number="86"/>
						<line hits="1" number="88"/>
						<line hits="1" number="90"/>
						<line hits="1" number="91"/>
						<line hits="1" number="92"/>
						<line hits="1" number="93"/>
						<line hits="1" number="96"/>
						<line hits="1" number="97"/>
						<line hits="1" number="99"/>
						<line hits="1" number="100"/>
						<line hits="1" number="102"/>
						<line hits="1" number="103"/>
						<line hits="1" number="105"/>
					</lines>
				</class>
				<class branch-rate="0" complexity="0" filename="/home/makism/Github/dyconnmap-public-master/dyconnmap/bands.py" line-rate="0" name="bands.py">
					<methods/>
					<lines>
						<line hits="0" number="2"/>
						<line hits="0" number="31"/>
					</lines>
				</class>
				<class branch-rate="0" complexity="0" filename="/home/makism/Github/dyconnmap-public-master/dyconnmap/sliding_window.py" line-rate="0.9" name="sliding_window.py">
					<methods/>
					<lines>
						<line hits="1" number="2"/>
						<line hits="1" number="10"/>
						<line hits="1" number="12"/>
						<line hits="1" number="15"/>
						<line hits="1" number="19"/>
						<line hits="1" number="22"/>
						<line hits="1" number="24"/>
						<line hits="1" number="26"/>
						<line hits="0" number="27"/>
						<line hits="1" number="31"/>
						<line hits="1" number="33"/>
						<line hits="1" number="35"/>
						<line hits="1" number="36"/>
						<line hits="1" number="50"/>
						<line hits="1" number="51"/>
						<line hits="1" number="53"/>
						<line hits="1" number="54"/>
						<line hits="1" number="56"/>
						<line hits="1" number="58"/>
						<line hits="1" number="60"/>
						<line hits="1" number="63"/>
						<line hits="1" number="91"/>
						<line hits="1" number="93"/>
						<line hits="0" number="94"/>
						<line hits="1" number="98"/>
						<line hits="0" number="99"/>
						<line hits="1" number="101"/>
						<line hits="1" number="102"/>
						<line hits="1" number="104"/>
						<line hits="1" number="112"/>
					</lines>
				</class>
				<class branch-rate="0" complexity="0" filename="/home/makism/Github/dyconnmap-public-master/dyconnmap/tvfcgs.py" line-rate="0.8889" name="tvfcgs.py">
					<methods/>
					<lines>
						<line hits="1" number="2"/>
						<line hits="1" number="49"/>
						<line hits="1" number="51"/>
						<line hits="1" number="54"/>
						<line hits="1" number="91"/>
						<line hits="1" number="94"/>
						<line hits="1" number="97"/>
						<line hits="1" number="100"/>
						<line hits="1" number="102"/>
						<line hits="0" number="103"/>
						<line hits="1" number="107"/>
						<line hits="1" number="111"/>
						<line hits="1" number="112"/>
						<line hits="1" number="120"/>
						<line hits="1" number="121"/>
						<line hits="1" number="123"/>
						<line hits="1" number="124"/>
						<line hits="1" number="128"/>
						<line hits="1" number="132"/>
						<line hits="1" number="134"/>
						<line hits="1" number="137"/>
						<line hits="1" number="185"/>
						<line hits="1" number="188"/>
						<line hits="1" number="191"/>
						<line hits="1" number="194"/>
						<line hits="1" number="196"/>
						<line hits="0" number="197"/>
						<line hits="1" number="201"/>
						<line hits="1" number="203"/>
						<line hits="1" number="204"/>
						<line hits="1" number="212"/>
						<line hits="1" number="213"/>
						<line hits="1" number="214"/>
						<line hits="1" number="215"/>
						<line hits="1" number="216"/>
						<line hits="1" number="217"/>
						<line hits="1" number="219"/>
						<line hits="1" number="221"/>
						<line hits="1" number="224"/>
						<line hits="1" number="258"/>
						<line hits="1" number="260"/>
						<line hits="1" number="261"/>
						<line hits="1" number="263"/>
						<line hits="0" number="264"/>
						<line hits="1" number="268"/>
						<line hits="1" number="270"/>
						<line hits="1" number="271"/>
						<line hits="1" number="278"/>
						<line hits="1" number="279"/>
						<line hits="1" number="280"/>
						<line hits="1" number="282"/>
						<line hits="1" number="284"/>
						<line hits="1" number="287"/>
						<line hits="1" number="322"/>
						<line hits="1" number="323"/>
						<line hits="1" number="324"/>
						<line hits="1" number="328"/>
						<line hits="0" number="329"/>
						<line hits="1" number="333"/>
						<line hits="1" number="336"/>
						<line hits="1" number="364"/>
						<line hits="0" number="365"/>
						<line hits="1" number="367"/>
						<line hits="1" number="368"/>
						<line hits="1" number="369"/>
						<line hits="1" number="371"/>
						<line hits="0" number="372"/>
						<line hits="1" number="374"/>
						<line hits="0" number="375"/>
						<line hits="1" number="377"/>
						<line hits="0" number="378"/>
						<line hits="1" number="380"/>
					</lines>
				</class>
			</classes>
		</package>
		<package branch-rate="0" complexity="0" line-rate="1" name=".home.makism.Github.dyconnmap-public-master.dyconnmap.chronnectomics">
			<classes>
				<class branch-rate="0" complexity="0" filename="/home/makism/Github/dyconnmap-public-master/dyconnmap/chronnectomics/__init__.py" line-rate="1" name="__init__.py">
					<methods/>
					<lines>
						<line hits="1" number="6"/>
						<line hits="1" number="7"/>
						<line hits="1" number="8"/>
						<line hits="1" number="10"/>
					</lines>
				</class>
				<class branch-rate="0" complexity="0" filename="/home/makism/Github/dyconnmap-public-master/dyconnmap/chronnectomics/dwell_time.py" line-rate="1" name="dwell_time.py">
					<methods/>
					<lines>
						<line hits="1" number="2"/>
						<line hits="1" number="15"/>
						<line hits="1" number="18"/>
						<line hits="1" number="42"/>
						<line hits="1" number="43"/>
						<line hits="1" number="45"/>
						<line hits="1" number="46"/>
						<line hits="1" number="47"/>
						<line hits="1" number="48"/>
						<line hits="1" number="49"/>
						<line hits="1" number="51"/>
						<line hits="1" number="52"/>
						<line hits="1" number="54"/>
						<line hits="1" number="55"/>
						<line hits="1" number="57"/>
						<line hits="1" number="59"/>
						<line hits="1" number="60"/>
						<line hits="1" number="61"/>
						<line hits="1" number="63"/>
						<line hits="1" number="64"/>
						<line hits="1" number="65"/>
						<line hits="1" number="66"/>
						<line hits="1" number="67"/>
						<line hits="1" number="69"/>
						<line hits="1" number="70"/>
						<line hits="1" number="71"/>
						<line hits="1" number="73"/>
						<line hits="1" number="74"/>
						<line hits="1" number="75"/>
						<line hits="1" number="77"/>
					</lines>
				</class>
				<class branch-rate="0" complexity="0" filename="/home/makism/Github/dyconnmap-public-master/dyconnmap/chronnectomics/flexibility_index.py" line-rate="1" name="flexibility_index.py">
					<methods/>
					<lines>
						<line hits="1" number="2"/>
						<line hits="1" number="18"/>
						<line hits="1" number="21"/>
						<line hits="1" number="38"/>
						<line hits="1" number="40"/>
						<line hits="1" number="41"/>
						<line hits="1" number="42"/>
						<line hits="1" number="43"/>
						<line hits="1" number="45"/>
						<line hits="1" number="47"/>
					</lines>
				</class>
				<class branch-rate="0" complexity="0" filename="/home/makism/Github/dyconnmap-public-master/dyconnmap/chronnectomics/occupancy_time.py" line-rate="1" name="occupancy_time.py">
					<methods/>
					<lines>
						<line hits="1" number="2"/>
						<line hits="1" number="14"/>
						<line hits="1" number="17"/>
						<line hits="1" number="34"/>
						<line hits="1" number="35"/>
						<line hits="1" number="37"/>
						<line hits="1" number="38"/>
						<line hits="1" number="39"/>
						<line hits="1" number="40"/>
						<line hits="1" number="42"/>
						<line hits="1" number="44"/>
					</lines>
				</class>
			</classes>
		</package>
		<package branch-rate="0" complexity="0" line-rate="0.9718" name=".home.makism.Github.dyconnmap-public-master.dyconnmap.cluster">
			<classes>
				<class branch-rate="0" complexity="0" filename="/home/makism/Github/dyconnmap-public-master/dyconnmap/cluster/__init__.py" line-rate="1" name="__init__.py">
					<methods/>
					<lines>
						<line hits="1" number="2"/>
						<line hits="1" number="8"/>
						<line hits="1" number="9"/>
						<line hits="1" number="10"/>
						<line hits="1" number="11"/>
						<line hits="1" number="12"/>
						<line hits="1" number="13"/>
						<line hits="1" number="14"/>
						<line hits="1" number="17"/>
					</lines>
				</class>
				<class branch-rate="0" complexity="0" filename="/home/makism/Github/dyconnmap-public-master/dyconnmap/cluster/cluster.py" line-rate="0.75" name="cluster.py">
					<methods/>
					<lines>
						<line hits="1" number="2"/>
						<line hits="1" number="7"/>
						<line hits="1" number="8"/>
						<line hits="1" number="9"/>
						<line hits="1" number="12"/>
						<line hits="1" number="18"/>
						<line hits="0" number="19"/>
						<line hits="0" number="20"/>
						<line hits="0" number="22"/>
						<line hits="0" number="24"/>
						<line hits="0" number="25"/>
						<line hits="1" number="27"/>
						<line hits="1" number="57"/>
						<line hits="1" number="59"/>
						<line hits="1" number="60"/>
						<line hits="1" number="61"/>
						<line hits="1" number="62"/>
						<line hits="1" number="63"/>
						<line hits="1" number="65"/>
						<line hits="0" number="66"/>
						<line hits="1" number="68"/>
						<line hits="1" number="71"/>
						<line hits="1" number="72"/>
						<line hits="1" number="74"/>
					</lines>
				</class>
				<class branch-rate="0" complexity="0" filename="/home/makism/Github/dyconnmap-public-master/dyconnmap/cluster/gng.py" line-rate="0.9877" name="gng.py">
					<methods/>
					<lines>
						<line hits="1" number="2"/>
						<line hits="1" number="58"/>
						<line hits="1" number="59"/>
						<line hits="1" number="60"/>
						<line hits="1" number="62"/>
						<line hits="1" number="65"/>
						<line hits="1" number="109"/>
						<line hits="1" number="122"/>
						<line hits="1" number="123"/>
						<line hits="1" number="124"/>
						<line hits="1" number="125"/>
						<line hits="1" number="126"/>
						<line hits="1" number="127"/>
						<line hits="1" number="128"/>
						<line hits="1" number="129"/>
						<line hits="1" number="130"/>
						<line hits="1" number="131"/>
						<line hits="1" number="133"/>
						<line hits="0" number="134"/>
						<line hits="1" number="136"/>
						<line hits="1" number="138"/>
						<line hits="1" number="140"/>
						<line hits="1" number="141"/>
						<line hits="1" number="143"/>
						<line hits="1" number="144"/>
						<line hits="1" number="146"/>
						<line hits="1" number="159"/>
						<line hits="1" number="161"/>
						<line hits="1" number="163"/>
						<line hits="1" number="164"/>
						<line hits="1" number="165"/>
						<line hits="1" number="166"/>
						<line hits="1" number="168"/>
						<line hits="1" number="169"/>
						<line hits="1" number="170"/>
						<line hits="1" number="178"/>
						<line hits="1" number="183"/>
						<line hits="1" number="184"/>
						<line hits="1" number="187"/>
						<line hits="1" number="190"/>
						<line hits="1" number="191"/>
						<line hits="1" number="192"/>
						<line hits="1" number="195"/>
						<line hits="1" number="198"/>
						<line hits="1" number="201"/>
						<line hits="1" number="202"/>
						<line hits="1" number="205"/>
						<line hits="1" number="207"/>
						<line hits="1" number="209"/>
						<line hits="1" number="210"/>
						<line hits="1" number="213"/>
						<line hits="1" number="216"/>
						<line hits="1" number="217"/>
						<line hits="1" number="219"/>
						<line hits="1" number="222"/>
						<line hits="1" number="227"/>
						<line hits="1" number="230"/>
						<line hits="1" number="233"/>
						<line hits="1" number="234"/>
						<line hits="1" number="235"/>
						<line hits="1" number="238"/>
						<line hits="1" number="243"/>
						<line hits="1" number="245"/>
						<line hits="1" number="247"/>
						<line hits="1" number="250"/>
						<line hits="1" number="256"/>
						<line hits="1" number="257"/>
						<line hits="1" number="259"/>
						<line hits="1" number="260"/>
						<line hits="1" number="261"/>
						<line hits="1" number="264"/>
						<line hits="1" number="266"/>
						<line hits="1" number="267"/>
						<line hits="1" number="270"/>
						<line hits="1" number="271"/>
						<line hits="1" number="272"/>
						<line hits="1" number="276"/>
						<line hits="1" number="277"/>
						<line hits="1" number="279"/>
						<line hits="1" number="280"/>
						<line hits="1" number="284"/>
					</lines>
				</class>
				<class branch-rate="0" complexity="0" filename="/home/makism/Github/dyconnmap-public-master/dyconnmap/cluster/mng.py" line-rate="0.9623" name="mng.py">
					<methods/>
					<lines>
						<line hits="1" number="2"/>
						<line hits="1" number="42"/>
						<line hits="1" number="43"/>
						<line hits="1" number="45"/>
						<line hits="1" number="48"/>
						<line hits="1" number="85"/>
						<line hits="1" number="98"/>
						<line hits="1" number="99"/>
						<line hits="1" number="100"/>
						<line hits="1" number="101"/>
						<line hits="1" number="102"/>
						<line hits="1" number="103"/>
						<line hits="1" number="104"/>
						<line hits="1" number="105"/>
						<line hits="1" number="106"/>
						<line hits="1" number="107"/>
						<line hits="1" number="108"/>
						<line hits="1" number="109"/>
						<line hits="1" number="110"/>
						<line hits="1" number="111"/>
						<line hits="1" number="112"/>
						<line hits="1" number="114"/>
						<line hits="0" number="115"/>
						<line hits="1" number="117"/>
						<line hits="1" number="119"/>
						<line hits="1" number="120"/>
						<line hits="1" number="122"/>
						<line hits="1" number="128"/>
						<line hits="1" number="129"/>
						<line hits="1" number="130"/>
						<line hits="1" number="132"/>
						<line hits="1" number="133"/>
						<line hits="1" number="134"/>
						<line hits="1" number="135"/>
						<line hits="1" number="136"/>
						<line hits="1" number="138"/>
						<line hits="1" number="140"/>
						<line hits="1" number="141"/>
						<line hits="1" number="142"/>
						<line hits="1" number="144"/>
						<line hits="1" number="147"/>
						<line hits="1" number="149"/>
						<line hits="1" number="151"/>
						<line hits="1" number="153"/>
						<line hits="1" number="154"/>
						<line hits="1" number="155"/>
						<line hits="1" number="156"/>
						<line hits="1" number="157"/>
						<line hits="1" number="159"/>
						<line hits="1" number="160"/>
						<line hits="1" number="162"/>
						<line hits="1" number="164"/>
						<line hits="0" number="165"/>
					</lines>
				</class>
				<class branch-rate="0" complexity="0" filename="/home/makism/Github/dyconnmap-public-master/dyconnmap/cluster/ng.py" line-rate="0.9762" name="ng.py">
					<methods/>
					<lines>
						<line hits="1" number="2"/>
						<line hits="1" number="62"/>
						<line hits="1" number="63"/>
						<line hits="1" number="64"/>
						<line hits="1" number="66"/>
						<line hits="1" number="69"/>
						<line hits="1" number="117"/>
						<line hits="1" number="129"/>
						<line hits="1" number="130"/>
						<line hits="1" number="131"/>
						<line hits="1" number="132"/>
						<line hits="1" number="133"/>
						<line hits="1" number="134"/>
						<line hits="1" number="135"/>
						<line hits="1" number="136"/>
						<line hits="1" number="137"/>
						<line hits="1" number="139"/>
						<line hits="0" number="140"/>
						<line hits="1" number="142"/>
						<line hits="1" number="144"/>
						<line hits="1" number="146"/>
						<line hits="1" number="147"/>
						<line hits="1" number="149"/>
						<line hits="1" number="162"/>
						<line hits="1" number="163"/>
						<line hits="1" number="165"/>
						<line hits="1" number="166"/>
						<line hits="1" number="168"/>
						<line hits="1" number="169"/>
						<line hits="1" number="171"/>
						<line hits="1" number="172"/>
						<line hits="1" number="173"/>
						<line hits="1" number="175"/>
						<line hits="1" number="178"/>
						<line hits="1" number="180"/>
						<line hits="1" number="182"/>
						<line hits="1" number="183"/>
						<line hits="1" number="184"/>
						<line hits="1" number="186"/>
						<line hits="1" number="187"/>
						<line hits="1" number="188"/>
						<line hits="1" number="190"/>
					</lines>
				</class>
				<class branch-rate="0" complexity="0" filename="/home/makism/Github/dyconnmap-public-master/dyconnmap/cluster/rng.py" line-rate="0.9815" name="rng.py">
					<methods/>
					<lines>
						<line hits="1" number="2"/>
						<line hits="1" number="18"/>
						<line hits="1" number="19"/>
						<line hits="1" number="21"/>
						<line hits="1" number="24"/>
						<line hits="1" number="63"/>
						<line hits="1" number="72"/>
						<line hits="1" number="73"/>
						<line hits="1" number="74"/>
						<line hits="1" number="75"/>
						<line hits="1" number="76"/>
						<line hits="1" number="77"/>
						<line hits="1" number="78"/>
						<line hits="1" number="79"/>
						<line hits="1" number="80"/>
						<line hits="1" number="81"/>
						<line hits="1" number="83"/>
						<line hits="0" number="84"/>
						<line hits="1" number="86"/>
						<line hits="1" number="88"/>
						<line hits="1" number="90"/>
						<line hits="1" number="91"/>
						<line hits="1" number="93"/>
						<line hits="1" number="116"/>
						<line hits="1" number="117"/>
						<line hits="1" number="119"/>
						<line hits="1" number="121"/>
						<line hits="1" number="122"/>
						<line hits="1" number="124"/>
						<line hits="1" number="125"/>
						<line hits="1" number="127"/>
						<line hits="1" number="129"/>
						<line hits="1" number="130"/>
						<line hits="1" number="131"/>
						<line hits="1" number="133"/>
						<line hits="1" number="134"/>
						<line hits="1" number="135"/>
						<line hits="1" number="136"/>
						<line hits="1" number="137"/>
						<line hits="1" number="138"/>
						<line hits="1" number="139"/>
						<line hits="1" number="140"/>
						<line hits="1" number="142"/>
						<line hits="1" number="146"/>
						<line hits="1" number="147"/>
						<line hits="1" number="149"/>
						<line hits="1" number="151"/>
						<line hits="1" number="168"/>
						<line hits="1" number="170"/>
						<line hits="1" number="171"/>
						<line hits="1" number="172"/>
						<line hits="1" number="173"/>
						<line hits="1" number="174"/>
						<line hits="1" number="176"/>
					</lines>
				</class>
				<class branch-rate="0" complexity="0" filename="/home/makism/Github/dyconnmap-public-master/dyconnmap/cluster/som.py" line-rate="0.9811" name="som.py">
					<methods/>
					<lines>
						<line hits="1" number="2"/>
						<line hits="1" number="20"/>
						<line hits="1" number="22"/>
						<line hits="1" number="25"/>
						<line hits="1" number="53"/>
						<line hits="1" number="54"/>
						<line hits="0" number="55"/>
						<line hits="1" number="57"/>
						<line hits="1" number="59"/>
						<line hits="1" number="60"/>
						<line hits="1" number="62"/>
						<line hits="1" number="63"/>
						<line hits="1" number="65"/>
						<line hits="1" number="67"/>
						<line hits="1" number="68"/>
						<line hits="1" number="70"/>
						<line hits="1" number="71"/>
						<line hits="1" number="73"/>
						<line hits="1" number="74"/>
						<line hits="1" number="75"/>
						<line hits="1" number="76"/>
						<line hits="1" number="77"/>
						<line hits="1" number="78"/>
						<line hits="1" number="80"/>
						<line hits="1" number="82"/>
						<line hits="1" number="83"/>
						<line hits="1" number="84"/>
						<line hits="1" number="86"/>
						<line hits="1" number="88"/>
						<line hits="1" number="89"/>
						<line hits="1" number="91"/>
						<line hits="1" number="92"/>
						<line hits="1" number="93"/>
						<line hits="1" number="95"/>
						<line hits="1" number="96"/>
						<line hits="1" number="97"/>
						<line hits="1" number="98"/>
						<line hits="1" number="99"/>
						<line hits="1" number="101"/>
						<line hits="1" number="103"/>
						<line hits="1" number="104"/>
						<line hits="1" number="105"/>
						<line hits="1" number="109"/>
						<line hits="1" number="112"/>
						<line hits="1" number="113"/>
						<line hits="1" number="114"/>
						<line hits="1" number="115"/>
						<line hits="1" number="117"/>
						<line hits="1" number="119"/>
						<line hits="1" number="120"/>
						<line hits="1" number="121"/>
						<line hits="1" number="122"/>
						<line hits="1" number="129"/>
					</lines>
				</class>
				<class branch-rate="0" complexity="0" filename="/home/makism/Github/dyconnmap-public-master/dyconnmap/cluster/umatrix.py" line-rate="1" name="umatrix.py">
					<methods/>
					<lines>
						<line hits="1" number="2"/>
						<line hits="1" number="6"/>
						<line hits="1" number="9"/>
						<line hits="1" number="13"/>
						<line hits="1" number="15"/>
						<line hits="1" number="16"/>
						<line hits="1" number="17"/>
						<line hits="1" number="19"/>
						<line hits="1" number="20"/>
						<line hits="1" number="21"/>
						<line hits="1" number="22"/>
						<line hits="1" number="23"/>
						<line hits="1" number="25"/>
						<line hits="1" number="26"/>
						<line hits="1" number="27"/>
						<line hits="1" number="28"/>
						<line hits="1" number="29"/>
						<line hits="1" number="31"/>
						<line hits="1" number="32"/>
						<line hits="1" number="33"/>
						<line hits="1" number="34"/>
						<line hits="1" number="35"/>
						<line hits="1" number="36"/>
						<line hits="1" number="37"/>
						<line hits="1" number="38"/>
						<line hits="1" number="39"/>
						<line hits="1" number="41"/>
						<line hits="1" number="42"/>
						<line hits="1" number="43"/>
						<line hits="1" number="44"/>
						<line hits="1" number="45"/>
						<line hits="1" number="47"/>
						<line hits="1" number="48"/>
						<line hits="1" number="49"/>
						<line hits="1" number="50"/>
						<line hits="1" number="52"/>
						<line hits="1" number="55"/>
						<line hits="1" number="60"/>
						<line hits="1" number="62"/>
						<line hits="1" number="63"/>
						<line hits="1" number="64"/>
						<line hits="1" number="65"/>
						<line hits="1" number="67"/>
						<line hits="1" number="68"/>
						<line hits="1" number="69"/>
						<line hits="1" number="70"/>
						<line hits="1" number="71"/>
						<line hits="1" number="72"/>
						<line hits="1" number="73"/>
						<line hits="1" number="74"/>
						<line hits="1" number="76"/>
						<line hits="1" number="77"/>
						<line hits="1" number="79"/>
					</lines>
				</class>
				<class branch-rate="0" complexity="0" filename="/home/makism/Github/dyconnmap-public-master/dyconnmap/cluster/validity.py" line-rate="1" name="validity.py">
					<methods/>
					<lines>
						<line hits="1" number="2"/>
						<line hits="1" number="7"/>
						<line hits="1" number="8"/>
						<line hits="1" number="9"/>
						<line hits="1" number="10"/>
						<line hits="1" number="11"/>
						<line hits="1" number="14"/>
						<line hits="1" number="39"/>
						<line hits="1" number="40"/>
						<line hits="1" number="41"/>
						<line hits="1" number="43"/>
						<line hits="1" number="45"/>
						<line hits="1" number="46"/>
						<line hits="1" number="48"/>
						<line hits="1" number="49"/>
						<line hits="1" number="51"/>
						<line hits="1" number="52"/>
						<line hits="1" number="54"/>
						<line hits="1" number="56"/>
						<line hits="1" number="58"/>
						<line hits="1" number="59"/>
						<line hits="1" number="61"/>
						<line hits="1" number="62"/>
						<line hits="1" number="64"/>
						<line hits="1" number="67"/>
						<line hits="1" number="90"/>
						<line hits="1" number="92"/>
						<line hits="1" number="93"/>
						<line hits="1" number="95"/>
						<line hits="1" number="96"/>
						<line hits="1" number="97"/>
						<line hits="1" number="98"/>
						<line hits="1" number="99"/>
						<line hits="1" number="100"/>
						<line hits="1" number="101"/>
						<line hits="1" number="102"/>
						<line hits="1" number="103"/>
						<line hits="1" number="105"/>
						<line hits="1" number="106"/>
						<line hits="1" number="107"/>
						<line hits="1" number="109"/>
						<line hits="1" number="111"/>
						<line hits="1" number="112"/>
						<line hits="1" number="113"/>
						<line hits="1" number="114"/>
						<line hits="1" number="116"/>
						<line hits="1" number="117"/>
						<line hits="1" number="119"/>
						<line hits="1" number="120"/>
						<line hits="1" number="122"/>
						<line hits="1" number="124"/>
						<line hits="1" number="126"/>
						<line hits="1" number="127"/>
						<line hits="1" number="128"/>
						<line hits="1" number="129"/>
						<line hits="1" number="131"/>
						<line hits="1" number="133"/>
					</lines>
				</class>
			</classes>
		</package>
		<package branch-rate="0" complexity="0" line-rate="0.8958" name=".home.makism.Github.dyconnmap-public-master.dyconnmap.fc">
			<classes>
				<class branch-rate="0" complexity="0" filename="/home/makism/Github/dyconnmap-public-master/dyconnmap/fc/__init__.py" line-rate="1" name="__init__.py">
					<methods/>
					<lines>
						<line hits="1" number="2"/>
						<line hits="1" number="7"/>
						<line hits="1" number="8"/>
						<line hits="1" number="9"/>
						<line hits="1" number="10"/>
						<line hits="1" number="11"/>
						<line hits="1" number="12"/>
						<line hits="1" number="13"/>
						<line hits="1" number="14"/>
						<line hits="1" number="15"/>
						<line hits="1" number="16"/>
						<line hits="1" number="17"/>
						<line hits="1" number="18"/>
						<line hits="1" number="19"/>
						<line hits="1" number="20"/>
						<line hits="1" number="21"/>
						<line hits="1" number="22"/>
						<line hits="1" number="23"/>
						<line hits="1" number="24"/>
						<line hits="1" number="25"/>
						<line hits="1" number="26"/>
						<line hits="1" number="29"/>
					</lines>
				</class>
				<class branch-rate="0" complexity="0" filename="/home/makism/Github/dyconnmap-public-master/dyconnmap/fc/aec.py" line-rate="1" name="aec.py">
					<methods/>
					<lines>
						<line hits="1" number="2"/>
						<line hits="1" number="25"/>
						<line hits="1" number="27"/>
						<line hits="1" number="30"/>
						<line hits="1" number="56"/>
						<line hits="1" number="57"/>
						<line hits="1" number="59"/>
						<line hits="1" number="60"/>
						<line hits="1" number="62"/>
					</lines>
				</class>
				<class branch-rate="0" complexity="0" filename="/home/makism/Github/dyconnmap-public-master/dyconnmap/fc/biplv.py" line-rate="0" name="biplv.py">
					<methods/>
					<lines>
						<line hits="0" number="2"/>
						<line hits="0" number="15"/>
						<line hits="0" number="42"/>
						<line hits="0" number="81"/>
						<line hits="0" number="95"/>
						<line hits="0" number="117"/>
					</lines>
				</class>
				<class branch-rate="0" complexity="0" filename="/home/makism/Github/dyconnmap-public-master/dyconnmap/fc/coherence.py" line-rate="1" name="coherence.py">
					<methods/>
					<lines>
						<line hits="1" number="2"/>
						<line hits="1" number="31"/>
						<line hits="1" number="32"/>
						<line hits="1" number="34"/>
						<line hits="1" number="35"/>
						<line hits="1" number="38"/>
						<line hits="1" number="75"/>
						<line hits="1" number="76"/>
						<line hits="1" number="78"/>
						<line hits="1" number="79"/>
						<line hits="1" number="81"/>
						<line hits="1" number="83"/>
						<line hits="1" number="84"/>
						<line hits="1" number="86"/>
						<line hits="1" number="89"/>
						<line hits="1" number="92"/>
						<line hits="1" number="96"/>
						<line hits="1" number="98"/>
						<line hits="1" number="100"/>
						<line hits="1" number="103"/>
						<line hits="1" number="115"/>
						<line hits="1" number="116"/>
						<line hits="1" number="118"/>
						<line hits="1" number="119"/>
						<line hits="1" number="120"/>
						<line hits="1" number="122"/>
						<line hits="1" number="123"/>
						<line hits="1" number="125"/>
						<line hits="1" number="127"/>
						<line hits="1" number="129"/>
						<line hits="1" number="131"/>
						<line hits="1" number="132"/>
						<line hits="1" number="140"/>
						<line hits="1" number="148"/>
						<line hits="1" number="157"/>
						<line hits="1" number="159"/>
						<line hits="1" number="161"/>
						<line hits="1" number="178"/>
						<line hits="1" number="180"/>
						<line hits="1" number="182"/>
						<line hits="1" number="184"/>
						<line hits="1" number="185"/>
						<line hits="1" number="186"/>
						<line hits="1" number="188"/>
					</lines>
				</class>
				<class branch-rate="0" complexity="0" filename="/home/makism/Github/dyconnmap-public-master/dyconnmap/fc/corr.py" line-rate="0.8529" name="corr.py">
					<methods/>
					<lines>
						<line hits="1" number="2"/>
						<line hits="1" number="9"/>
						<line hits="1" number="10"/>
						<line hits="1" number="11"/>
						<line hits="1" number="14"/>
						<line hits="1" number="46"/>
						<line hits="1" number="47"/>
						<line hits="1" number="48"/>
						<line hits="1" number="49"/>
						<line hits="0" number="51"/>
						<line hits="1" number="53"/>
						<line hits="1" number="54"/>
						<line hits="1" number="56"/>
						<line hits="1" number="59"/>
						<line hits="1" number="69"/>
						<line hits="1" number="70"/>
						<line hits="1" number="72"/>
						<line hits="1" number="73"/>
						<line hits="0" number="74"/>
						<line hits="1" number="76"/>
						<line hits="1" number="77"/>
						<line hits="1" number="79"/>
						<line hits="0" number="97"/>
						<line hits="0" number="99"/>
						<line hits="1" number="101"/>
						<line hits="0" number="102"/>
						<line hits="1" number="104"/>
						<line hits="1" number="118"/>
						<line hits="1" number="120"/>
						<line hits="1" number="122"/>
						<line hits="1" number="127"/>
						<line hits="1" number="128"/>
						<line hits="1" number="129"/>
						<line hits="1" number="131"/>
					</lines>
				</class>
				<class branch-rate="0" complexity="0" filename="/home/makism/Github/dyconnmap-public-master/dyconnmap/fc/cos.py" line-rate="1" name="cos.py">
					<methods/>
					<lines>
						<line hits="1" number="2"/>
						<line hits="1" number="8"/>
						<line hits="1" number="10"/>
						<line hits="1" number="13"/>
						<line hits="1" number="41"/>
						<line hits="1" number="43"/>
						<line hits="1" number="44"/>
						<line hits="1" number="45"/>
						<line hits="1" number="46"/>
						<line hits="1" number="48"/>
						<line hits="1" number="50"/>
						<line hits="1" number="51"/>
						<line hits="1" number="52"/>
						<line hits="1" number="53"/>
						<line hits="1" number="54"/>
						<line hits="1" number="56"/>
						<line hits="1" number="58"/>
					</lines>
				</class>
				<class branch-rate="0" complexity="0" filename="/home/makism/Github/dyconnmap-public-master/dyconnmap/fc/crosscorr.py" line-rate="1" name="crosscorr.py">
					<methods/>
					<lines>
						<line hits="1" number="2"/>
						<line hits="1" number="10"/>
						<line hits="1" number="12"/>
						<line hits="1" number="15"/>
						<line hits="1" number="26"/>
						<line hits="1" number="27"/>
						<line hits="1" number="29"/>
						<line hits="1" number="31"/>
						<line hits="1" number="32"/>
						<line hits="1" number="33"/>
						<line hits="1" number="35"/>
					</lines>
				</class>
				<class branch-rate="0" complexity="0" filename="/home/makism/Github/dyconnmap-public-master/dyconnmap/fc/dpli.py" line-rate="1" name="dpli.py">
					<methods/>
					<lines>
						<line hits="1" number="2"/>
						<line hits="1" number="20"/>
						<line hits="1" number="22"/>
						<line hits="1" number="25"/>
						<line hits="1" number="58"/>
						<line hits="1" number="60"/>
						<line hits="1" number="62"/>
						<line hits="1" number="63"/>
						<line hits="1" number="65"/>
						<line hits="1" number="66"/>
						<line hits="1" number="68"/>
						<line hits="1" number="69"/>
						<line hits="1" number="71"/>
						<line hits="1" number="72"/>
						<line hits="1" number="74"/>
						<line hits="1" number="77"/>
						<line hits="1" number="80"/>
						<line hits="1" number="82"/>
						<line hits="1" number="84"/>
					</lines>
				</class>
				<class branch-rate="0" complexity="0" filename="/home/makism/Github/dyconnmap-public-master/dyconnmap/fc/esc.py" line-rate="1" name="esc.py">
					<methods/>
					<lines>
						<line hits="1" number="2"/>
						<line hits="1" number="26"/>
						<line hits="1" number="28"/>
						<line hits="1" number="31"/>
						<line hits="1" number="61"/>
						<line hits="1" number="62"/>
						<line hits="1" number="64"/>
						<line hits="1" number="65"/>
						<line hits="1" number="67"/>
					</lines>
				</class>
				<class branch-rate="0" complexity="0" filename="/home/makism/Github/dyconnmap-public-master/dyconnmap/fc/estimator.py" line-rate="0.8" name="estimator.py">
					<methods/>
					<lines>
						<line hits="1" number="2"/>
						<line hits="1" number="7"/>
						<line hits="1" number="8"/>
						<line hits="1" number="11"/>
						<line hits="1" number="25"/>
						<line hits="1" number="26"/>
						<line hits="1" number="27"/>
						<line hits="1" number="28"/>
						<line hits="1" number="29"/>
						<line hits="1" number="30"/>
						<line hits="1" number="32"/>
						<line hits="0" number="36"/>
						<line hits="1" number="38"/>
						<line hits="0" number="42"/>
						<line hits="1" number="44"/>
						<line hits="0" number="51"/>
						<line hits="1" number="53"/>
						<line hits="0" number="66"/>
						<line hits="1" number="68"/>
						<line hits="1" number="78"/>
						<line hits="1" number="79"/>
						<line hits="1" number="80"/>
						<line hits="1" number="82"/>
						<line hits="1" number="86"/>
						<line hits="0" number="87"/>
					</lines>
				</class>
				<class branch-rate="0" complexity="0" filename="/home/makism/Github/dyconnmap-public-master/dyconnmap/fc/glm.py" line-rate="0.9487" name="glm.py">
					<methods/>
					<lines>
						<line hits="1" number="2"/>
						<line hits="1" number="26"/>
						<line hits="1" number="28"/>
						<line hits="1" number="29"/>
						<line hits="1" number="32"/>
						<line hits="1" number="68"/>
						<line hits="1" number="70"/>
						<line hits="1" number="72"/>
						<line hits="1" number="73"/>
						<line hits="1" number="74"/>
						<line hits="0" number="75"/>
						<line hits="0" number="76"/>
						<line hits="1" number="78"/>
						<line hits="1" number="79"/>
						<line hits="1" number="81"/>
						<line hits="1" number="82"/>
						<line hits="1" number="84"/>
						<line hits="1" number="85"/>
						<line hits="1" number="87"/>
						<line hits="1" number="88"/>
						<line hits="1" number="90"/>
						<line hits="1" number="91"/>
						<line hits="1" number="92"/>
						<line hits="1" number="93"/>
						<line hits="1" number="94"/>
						<line hits="1" number="96"/>
						<line hits="1" number="97"/>
						<line hits="1" number="99"/>
						<line hits="1" number="100"/>
						<line hits="1" number="101"/>
						<line hits="1" number="102"/>
						<line hits="1" number="104"/>
						<line hits="1" number="105"/>
						<line hits="1" number="106"/>
						<line hits="1" number="108"/>
						<line hits="1" number="110"/>
						<line hits="1" number="111"/>
						<line hits="1" number="113"/>
						<line hits="1" number="115"/>
					</lines>
				</class>
				<class branch-rate="0" complexity="0" filename="/home/makism/Github/dyconnmap-public-master/dyconnmap/fc/icoherence.py" line-rate="0.4902" name="icoherence.py">
					<methods/>
					<lines>
						<line hits="1" number="2"/>
						<line hits="1" number="15"/>
						<line hits="1" number="16"/>
						<line hits="1" number="18"/>
						<line hits="1" number="19"/>
						<line hits="1" number="22"/>
						<line hits="1" number="57"/>
						<line hits="1" number="58"/>
						<line hits="1" number="60"/>
						<line hits="1" number="61"/>
						<line hits="1" number="63"/>
						<line hits="1" number="65"/>
						<line hits="1" number="66"/>
						<line hits="1" number="68"/>
						<line hits="1" number="71"/>
						<line hits="1" number="74"/>
						<line hits="1" number="78"/>
						<line hits="1" number="79"/>
						<line hits="1" number="81"/>
						<line hits="1" number="83"/>
						<line hits="1" number="86"/>
						<line hits="1" number="92"/>
						<line hits="0" number="93"/>
						<line hits="0" number="95"/>
						<line hits="0" number="96"/>
						<line hits="0" number="97"/>
						<line hits="0" number="98"/>
						<line hits="1" number="100"/>
						<line hits="0" number="101"/>
						<line hits="0" number="103"/>
						<line hits="0" number="105"/>
						<line hits="0" number="111"/>
						<line hits="0" number="112"/>
						<line hits="0" number="114"/>
						<line hits="0" number="115"/>
						<line hits="0" number="117"/>
						<line hits="0" number="126"/>
						<line hits="0" number="135"/>
						<line hits="0" number="145"/>
						<line hits="0" number="146"/>
						<line hits="0" number="147"/>
						<line hits="0" number="148"/>
						<line hits="0" number="150"/>
						<line hits="1" number="152"/>
						<line hits="0" number="153"/>
						<line hits="0" number="154"/>
						<line hits="0" number="155"/>
						<line hits="0" number="161"/>
						<line hits="0" number="163"/>
						<line hits="1" number="165"/>
						<line hits="0" number="166"/>
					</lines>
				</class>
				<class branch-rate="0" complexity="0" filename="/home/makism/Github/dyconnmap-public-master/dyconnmap/fc/iplv.py" line-rate="0.8667" name="iplv.py">
					<methods/>
					<lines>
						<line hits="1" number="2"/>
						<line hits="1" number="22"/>
						<line hits="1" number="23"/>
						<line hits="1" number="25"/>
						<line hits="1" number="28"/>
						<line hits="1" number="32"/>
						<line hits="1" number="34"/>
						<line hits="1" number="35"/>
						<line hits="1" number="37"/>
						<line hits="1" number="38"/>
						<line hits="1" number="40"/>
						<line hits="1" number="43"/>
						<line hits="1" number="74"/>
						<line hits="1" number="75"/>
						<line hits="1" number="77"/>
						<line hits="1" number="80"/>
						<line hits="1" number="91"/>
						<line hits="1" number="92"/>
						<line hits="1" number="93"/>
						<line hits="1" number="95"/>
						<line hits="1" number="96"/>
						<line hits="1" number="97"/>
						<line hits="1" number="99"/>
						<line hits="1" number="101"/>
						<line hits="1" number="103"/>
						<line hits="0" number="119"/>
						<line hits="0" number="121"/>
						<line hits="0" number="122"/>
						<line hits="0" number="124"/>
						<line hits="1" number="126"/>
						<line hits="0" number="127"/>
						<line hits="0" number="128"/>
						<line hits="1" number="130"/>
						<line hits="1" number="144"/>
						<line hits="1" number="146"/>
						<line hits="1" number="147"/>
						<line hits="1" number="149"/>
						<line hits="1" number="150"/>
						<line hits="1" number="154"/>
						<line hits="1" number="155"/>
						<line hits="1" number="156"/>
						<line hits="1" number="157"/>
						<line hits="1" number="159"/>
						<line hits="1" number="160"/>
						<line hits="1" number="162"/>
					</lines>
				</class>
				<class branch-rate="0" complexity="0" filename="/home/makism/Github/dyconnmap-public-master/dyconnmap/fc/mui.py" line-rate="0.6667" name="mui.py">
					<methods/>
					<lines>
						<line hits="1" number="2"/>
						<line hits="1" number="17"/>
						<line hits="1" number="19"/>
						<line hits="1" number="24"/>
						<line hits="0" number="35"/>
						<line hits="0" number="36"/>
					</lines>
				</class>
				<class branch-rate="0" complexity="0" filename="/home/makism/Github/dyconnmap-public-master/dyconnmap/fc/nesc.py" line-rate="1" name="nesc.py">
					<methods/>
					<lines>
						<line hits="1" number="2"/>
						<line hits="1" number="12"/>
						<line hits="1" number="14"/>
						<line hits="1" number="17"/>
						<line hits="1" number="45"/>
						<line hits="1" number="46"/>
						<line hits="1" number="48"/>
						<line hits="1" number="50"/>
						<line hits="1" number="51"/>
						<line hits="1" number="53"/>
					</lines>
				</class>
				<class branch-rate="0" complexity="0" filename="/home/makism/Github/dyconnmap-public-master/dyconnmap/fc/pac.py" line-rate="1" name="pac.py">
					<methods/>
					<lines>
						<line hits="1" number="2"/>
						<line hits="1" number="12"/>
						<line hits="1" number="13"/>
						<line hits="1" number="15"/>
						<line hits="1" number="18"/>
						<line hits="1" number="57"/>
						<line hits="1" number="58"/>
						<line hits="1" number="60"/>
						<line hits="1" number="63"/>
						<line hits="1" number="69"/>
						<line hits="1" number="70"/>
						<line hits="1" number="71"/>
						<line hits="1" number="72"/>
						<line hits="1" number="73"/>
						<line hits="1" number="74"/>
						<line hits="1" number="76"/>
						<line hits="1" number="77"/>
						<line hits="1" number="78"/>
						<line hits="1" number="80"/>
						<line hits="1" number="81"/>
						<line hits="1" number="83"/>
						<line hits="1" number="84"/>
						<line hits="1" number="86"/>
						<line hits="1" number="88"/>
						<line hits="1" number="89"/>
						<line hits="1" number="91"/>
						<line hits="1" number="92"/>
						<line hits="1" number="94"/>
						<line hits="1" number="96"/>
						<line hits="1" number="97"/>
						<line hits="1" number="99"/>
						<line hits="1" number="100"/>
						<line hits="1" number="101"/>
						<line hits="1" number="102"/>
						<line hits="1" number="104"/>
						<line hits="1" number="106"/>
						<line hits="1" number="107"/>
						<line hits="1" number="109"/>
						<line hits="1" number="111"/>
						<line hits="1" number="112"/>
						<line hits="1" number="114"/>
					</lines>
				</class>
				<class branch-rate="0" complexity="0" filename="/home/makism/Github/dyconnmap-public-master/dyconnmap/fc/partcorr.py" line-rate="1" name="partcorr.py">
					<methods/>
					<lines>
						<line hits="1" number="2"/>
						<line hits="1" number="8"/>
						<line hits="1" number="10"/>
						<line hits="1" number="13"/>
						<line hits="1" number="24"/>
						<line hits="1" number="25"/>
						<line hits="1" number="27"/>
						<line hits="1" number="29"/>
						<line hits="1" number="30"/>
						<line hits="1" number="32"/>
						<line hits="1" number="33"/>
						<line hits="1" number="35"/>
						<line hits="1" number="36"/>
						<line hits="1" number="37"/>
						<line hits="1" number="40"/>
						<line hits="1" number="42"/>
					</lines>
				</class>
				<class branch-rate="0" complexity="0" filename="/home/makism/Github/dyconnmap-public-master/dyconnmap/fc/pec.py" line-rate="1" name="pec.py">
					<methods/>
					<lines>
						<line hits="1" number="2"/>
						<line hits="1" number="19"/>
						<line hits="1" number="21"/>
						<line hits="1" number="24"/>
						<line hits="1" number="48"/>
						<line hits="1" number="49"/>
						<line hits="1" number="51"/>
						<line hits="1" number="52"/>
						<line hits="1" number="54"/>
					</lines>
				</class>
				<class branch-rate="0" complexity="0" filename="/home/makism/Github/dyconnmap-public-master/dyconnmap/fc/pli.py" line-rate="0.8529" name="pli.py">
					<methods/>
					<lines>
						<line hits="1" number="2"/>
						<line hits="1" number="34"/>
						<line hits="1" number="35"/>
						<line hits="1" number="36"/>
						<line hits="1" number="39"/>
						<line hits="1" number="75"/>
						<line hits="1" number="76"/>
						<line hits="1" number="78"/>
						<line hits="1" number="81"/>
						<line hits="1" number="87"/>
						<line hits="1" number="88"/>
						<line hits="1" number="90"/>
						<line hits="1" number="91"/>
						<line hits="0" number="92"/>
						<line hits="1" number="94"/>
						<line hits="1" number="96"/>
						<line hits="1" number="98"/>
						<line hits="0" number="99"/>
						<line hits="1" number="101"/>
						<line hits="0" number="102"/>
						<line hits="0" number="103"/>
						<line hits="0" number="105"/>
						<line hits="1" number="107"/>
						<line hits="1" number="108"/>
						<line hits="1" number="115"/>
						<line hits="1" number="117"/>
						<line hits="1" number="118"/>
						<line hits="1" number="120"/>
						<line hits="1" number="121"/>
						<line hits="1" number="122"/>
						<line hits="1" number="123"/>
						<line hits="1" number="125"/>
						<line hits="1" number="126"/>
						<line hits="1" number="128"/>
					</lines>
				</class>
				<class branch-rate="0" complexity="0" filename="/home/makism/Github/dyconnmap-public-master/dyconnmap/fc/plv.py" line-rate="1" name="plv.py">
					<methods/>
					<lines>
						<line hits="1" number="2"/>
						<line hits="1" number="28"/>
						<line hits="1" number="29"/>
						<line hits="1" number="31"/>
						<line hits="1" number="34"/>
						<line hits="1" number="38"/>
						<line hits="1" number="40"/>
						<line hits="1" number="41"/>
						<line hits="1" number="43"/>
						<line hits="1" number="44"/>
						<line hits="1" number="46"/>
						<line hits="1" number="49"/>
						<line hits="1" number="87"/>
						<line hits="1" number="88"/>
						<line hits="1" number="90"/>
						<line hits="1" number="93"/>
						<line hits="1" number="103"/>
						<line hits="1" number="104"/>
						<line hits="1" number="105"/>
						<line hits="1" number="107"/>
						<line hits="1" number="108"/>
						<line hits="1" number="109"/>
						<line hits="1" number="111"/>
						<line hits="1" number="113"/>
						<line hits="1" number="115"/>
						<line hits="1" number="131"/>
						<line hits="1" number="133"/>
						<line hits="1" number="134"/>
						<line hits="1" number="136"/>
						<line hits="1" number="138"/>
						<line hits="1" number="139"/>
						<line hits="1" number="140"/>
						<line hits="1" number="142"/>
						<line hits="1" number="159"/>
						<line hits="1" number="161"/>
						<line hits="1" number="162"/>
						<line hits="1" number="164"/>
						<line hits="1" number="166"/>
						<line hits="1" number="167"/>
						<line hits="1" number="168"/>
						<line hits="1" number="169"/>
						<line hits="1" number="171"/>
						<line hits="1" number="172"/>
						<line hits="1" number="174"/>
					</lines>
				</class>
				<class branch-rate="0" complexity="0" filename="/home/makism/Github/dyconnmap-public-master/dyconnmap/fc/rho_index.py" line-rate="1" name="rho_index.py">
					<methods/>
					<lines>
						<line hits="1" number="2"/>
						<line hits="1" number="24"/>
						<line hits="1" number="26"/>
						<line hits="1" number="29"/>
						<line hits="1" number="60"/>
						<line hits="1" number="62"/>
						<line hits="1" number="64"/>
						<line hits="1" number="65"/>
						<line hits="1" number="72"/>
						<line hits="1" number="73"/>
						<line hits="1" number="74"/>
						<line hits="1" number="76"/>
						<line hits="1" number="78"/>
						<line hits="1" number="79"/>
						<line hits="1" number="81"/>
						<line hits="1" number="82"/>
						<line hits="1" number="83"/>
						<line hits="1" number="85"/>
						<line hits="1" number="87"/>
					</lines>
				</class>
				<class branch-rate="0" complexity="0" filename="/home/makism/Github/dyconnmap-public-master/dyconnmap/fc/wpli.py" line-rate="1" name="wpli.py">
					<methods/>
					<lines>
						<line hits="1" number="2"/>
						<line hits="1" number="27"/>
						<line hits="1" number="29"/>
						<line hits="1" number="30"/>
						<line hits="1" number="33"/>
						<line hits="1" number="75"/>
						<line hits="1" number="77"/>
						<line hits="1" number="78"/>
						<line hits="1" number="80"/>
						<line hits="1" number="81"/>
						<line hits="1" number="83"/>
						<line hits="1" number="85"/>
						<line hits="1" number="86"/>
						<line hits="1" number="87"/>
						<line hits="1" number="91"/>
						<line hits="1" number="93"/>
						<line hits="1" number="94"/>
						<line hits="1" number="96"/>
						<line hits="1" number="98"/>
						<line hits="1" number="101"/>
						<line hits="1" number="137"/>
						<line hits="1" number="139"/>
						<line hits="1" number="140"/>
						<line hits="1" number="142"/>
						<line hits="1" number="143"/>
						<line hits="1" number="145"/>
						<line hits="1" number="147"/>
						<line hits="1" number="148"/>
						<line hits="1" number="149"/>
						<line hits="1" number="153"/>
						<line hits="1" number="155"/>
						<line hits="1" number="156"/>
						<line hits="1" number="158"/>
						<line hits="1" number="159"/>
						<line hits="1" number="163"/>
						<line hits="1" number="166"/>
						<line hits="1" number="167"/>
					</lines>
				</class>
			</classes>
		</package>
		<package branch-rate="0" complexity="0" line-rate="0.9934" name=".home.makism.Github.dyconnmap-public-master.dyconnmap.graphs">
			<classes>
				<class branch-rate="0" complexity="0" filename="/home/makism/Github/dyconnmap-public-master/dyconnmap/graphs/__init__.py" line-rate="1" name="__init__.py">
					<methods/>
					<lines>
						<line hits="1" number="2"/>
						<line hits="1" number="8"/>
						<line hits="1" number="9"/>
						<line hits="1" number="10"/>
						<line hits="1" number="11"/>
						<line hits="1" number="20"/>
						<line hits="1" number="21"/>
						<line hits="1" number="22"/>
						<line hits="1" number="23"/>
						<line hits="1" number="24"/>
						<line hits="1" number="25"/>
						<line hits="1" number="28"/>
					</lines>
				</class>
				<class branch-rate="0" complexity="0" filename="/home/makism/Github/dyconnmap-public-master/dyconnmap/graphs/gdd.py" line-rate="1" name="gdd.py">
					<methods/>
					<lines>
						<line hits="1" number="2"/>
						<line hits="1" number="38"/>
						<line hits="1" number="39"/>
						<line hits="1" number="42"/>
						<line hits="1" number="66"/>
						<line hits="1" number="67"/>
						<line hits="1" number="69"/>
						<line hits="1" number="70"/>
						<line hits="1" number="72"/>
						<line hits="1" number="73"/>
						<line hits="1" number="74"/>
						<line hits="1" number="76"/>
						<line hits="1" number="78"/>
						<line hits="1" number="79"/>
						<line hits="1" number="82"/>
						<line hits="1" number="84"/>
						<line hits="1" number="87"/>
						<line hits="1" number="91"/>
						<line hits="1" number="93"/>
						<line hits="1" number="94"/>
						<line hits="1" number="96"/>
						<line hits="1" number="97"/>
						<line hits="1" number="98"/>
						<line hits="1" number="100"/>
						<line hits="1" number="102"/>
						<line hits="1" number="105"/>
						<line hits="1" number="111"/>
						<line hits="1" number="113"/>
					</lines>
				</class>
				<class branch-rate="0" complexity="0" filename="/home/makism/Github/dyconnmap-public-master/dyconnmap/graphs/imd.py" line-rate="1" name="imd.py">
					<methods/>
					<lines>
						<line hits="1" number="29"/>
						<line hits="1" number="30"/>
						<line hits="1" number="31"/>
						<line hits="1" number="34"/>
						<line hits="1" number="54"/>
						<line hits="1" number="56"/>
						<line hits="1" number="57"/>
						<line hits="1" number="59"/>
						<line hits="1" number="60"/>
						<line hits="1" number="62"/>
						<line hits="1" number="63"/>
						<line hits="1" number="66"/>
						<line hits="1" number="67"/>
						<line hits="1" number="69"/>
						<line hits="1" number="70"/>
						<line hits="1" number="72"/>
						<line hits="1" number="73"/>
						<line hits="1" number="75"/>
						<line hits="1" number="78"/>
						<line hits="1" number="98"/>
						<line hits="1" number="100"/>
					</lines>
				</class>
				<class branch-rate="0" complexity="0" filename="/home/makism/Github/dyconnmap-public-master/dyconnmap/graphs/laplacian_energy.py" line-rate="1" name="laplacian_energy.py">
					<methods/>
					<lines>
						<line hits="1" number="2"/>
						<line hits="1" number="23"/>
						<line hits="1" number="24"/>
						<line hits="1" number="25"/>
						<line hits="1" number="26"/>
						<line hits="1" number="29"/>
						<line hits="1" number="44"/>
						<line hits="1" number="45"/>
						<line hits="1" number="46"/>
						<line hits="1" number="47"/>
						<line hits="1" number="49"/>
					</lines>
				</class>
				<class branch-rate="0" complexity="0" filename="/home/makism/Github/dyconnmap-public-master/dyconnmap/graphs/mi.py" line-rate="1" name="mi.py">
					<methods/>
					<lines>
						<line hits="1" number="2"/>
						<line hits="1" number="32"/>
						<line hits="1" number="34"/>
						<line hits="1" number="35"/>
						<line hits="1" number="38"/>
						<line hits="1" number="59"/>
						<line hits="1" number="60"/>
						<line hits="1" number="62"/>
						<line hits="1" number="63"/>
						<line hits="1" number="65"/>
						<line hits="1" number="66"/>
						<line hits="1" number="68"/>
						<line hits="1" number="69"/>
						<line hits="1" number="70"/>
						<line hits="1" number="71"/>
						<line hits="1" number="74"/>
						<line hits="1" number="75"/>
						<line hits="1" number="77"/>
						<line hits="1" number="79"/>
						<line hits="1" number="80"/>
						<line hits="1" number="82"/>
					</lines>
				</class>
				<class branch-rate="0" complexity="0" filename="/home/makism/Github/dyconnmap-public-master/dyconnmap/graphs/mpc.py" line-rate="1" name="mpc.py">
					<methods/>
					<lines>
						<line hits="1" number="14"/>
						<line hits="1" number="15"/>
						<line hits="1" number="16"/>
						<line hits="1" number="19"/>
						<line hits="1" number="34"/>
						<line hits="1" number="36"/>
						<line hits="1" number="37"/>
						<line hits="1" number="38"/>
						<line hits="1" number="39"/>
						<line hits="1" number="41"/>
						<line hits="1" number="42"/>
						<line hits="1" number="43"/>
						<line hits="1" number="45"/>
						<line hits="1" number="46"/>
						<line hits="1" number="47"/>
						<line hits="1" number="51"/>
						<line hits="1" number="54"/>
						<line hits="1" number="69"/>
						<line hits="1" number="71"/>
						<line hits="1" number="72"/>
						<line hits="1" number="73"/>
						<line hits="1" number="74"/>
						<line hits="1" number="76"/>
						<line hits="1" number="77"/>
						<line hits="1" number="78"/>
						<line hits="1" number="80"/>
						<line hits="1" number="81"/>
						<line hits="1" number="82"/>
						<line hits="1" number="86"/>
						<line hits="1" number="89"/>
						<line hits="1" number="106"/>
						<line hits="1" number="108"/>
						<line hits="1" number="109"/>
						<line hits="1" number="110"/>
						<line hits="1" number="112"/>
						<line hits="1" number="113"/>
						<line hits="1" number="115"/>
						<line hits="1" number="117"/>
						<line hits="1" number="118"/>
						<line hits="1" number="120"/>
						<line hits="1" number="122"/>
						<line hits="1" number="123"/>
						<line hits="1" number="125"/>
						<line hits="1" number="128"/>
						<line hits="1" number="144"/>
						<line hits="1" number="146"/>
						<line hits="1" number="148"/>
						<line hits="1" number="149"/>
						<line hits="1" number="150"/>
						<line hits="1" number="151"/>
						<line hits="1" number="152"/>
						<line hits="1" number="154"/>
						<line hits="1" number="155"/>
						<line hits="1" number="157"/>
						<line hits="1" number="158"/>
						<line hits="1" number="160"/>
						<line hits="1" number="162"/>
					</lines>
				</class>
				<class branch-rate="0" complexity="0" filename="/home/makism/Github/dyconnmap-public-master/dyconnmap/graphs/nodal.py" line-rate="0.9167" name="nodal.py">
					<methods/>
					<lines>
						<line hits="1" number="8"/>
						<line hits="1" number="9"/>
						<line hits="1" number="12"/>
						<line hits="1" number="27"/>
						<line hits="1" number="29"/>
						<line hits="0" number="30"/>
						<line hits="1" number="32"/>
						<line hits="1" number="33"/>
						<line hits="1" number="35"/>
						<line hits="1" number="36"/>
						<line hits="1" number="38"/>
						<line hits="1" number="40"/>
					</lines>
				</class>
				<class branch-rate="0" complexity="0" filename="/home/makism/Github/dyconnmap-public-master/dyconnmap/graphs/spectral_euclidean_distance.py" line-rate="1" name="spectral_euclidean_distance.py">
					<methods/>
					<lines>
						<line hits="1" number="23"/>
						<line hits="1" number="26"/>
						<line hits="1" number="44"/>
						<line hits="1" number="45"/>
						<line hits="1" number="47"/>
						<line hits="1" number="48"/>
						<line hits="1" number="50"/>
						<line hits="1" number="52"/>
					</lines>
				</class>
				<class branch-rate="0" complexity="0" filename="/home/makism/Github/dyconnmap-public-master/dyconnmap/graphs/spectral_k_distance.py" line-rate="1" name="spectral_k_distance.py">
					<methods/>
					<lines>
						<line hits="1" number="28"/>
						<line hits="1" number="29"/>
						<line hits="1" number="32"/>
						<line hits="1" number="56"/>
						<line hits="1" number="57"/>
						<line hits="1" number="59"/>
						<line hits="1" number="60"/>
						<line hits="1" number="61"/>
						<line hits="1" number="63"/>
						<line hits="1" number="64"/>
						<line hits="1" number="65"/>
						<line hits="1" number="67"/>
						<line hits="1" number="68"/>
						<line hits="1" number="70"/>
						<line hits="1" number="72"/>
					</lines>
				</class>
				<class branch-rate="0" complexity="0" filename="/home/makism/Github/dyconnmap-public-master/dyconnmap/graphs/threshold.py" line-rate="0.9913" name="threshold.py">
					<methods/>
					<lines>
						<line hits="1" number="2"/>
						<line hits="1" number="18"/>
						<line hits="1" number="19"/>
						<line hits="1" number="20"/>
						<line hits="1" number="23"/>
						<line hits="1" number="45"/>
						<line hits="1" number="47"/>
						<line hits="1" number="52"/>
						<line hits="1" number="54"/>
						<line hits="1" number="55"/>
						<line hits="1" number="56"/>
						<line hits="1" number="57"/>
						<line hits="1" number="60"/>
						<line hits="1" number="62"/>
						<line hits="1" number="64"/>
						<line hits="1" number="65"/>
						<line hits="1" number="66"/>
						<line hits="1" number="68"/>
						<line hits="1" number="71"/>
						<line hits="1" number="90"/>
						<line hits="1" number="92"/>
						<line hits="1" number="93"/>
						<line hits="1" number="96"/>
						<line hits="1" number="97"/>
						<line hits="1" number="100"/>
						<line hits="1" number="102"/>
						<line hits="1" number="105"/>
						<line hits="1" number="106"/>
						<line hits="1" number="108"/>
						<line hits="1" number="109"/>
						<line hits="1" number="110"/>
						<line hits="1" number="112"/>
						<line hits="1" number="113"/>
						<line hits="1" number="114"/>
						<line hits="1" number="116"/>
						<line hits="1" number="117"/>
						<line hits="1" number="119"/>
						<line hits="1" number="120"/>
						<line hits="1" number="122"/>
						<line hits="1" number="126"/>
						<line hits="1" number="127"/>
						<line hits="1" number="128"/>
						<line hits="1" number="129"/>
						<line hits="1" number="131"/>
						<line hits="1" number="132"/>
						<line hits="1" number="134"/>
						<line hits="1" number="135"/>
						<line hits="1" number="136"/>
						<line hits="1" number="138"/>
						<line hits="1" number="139"/>
						<line hits="1" number="142"/>
						<line hits="1" number="143"/>
						<line hits="1" number="145"/>
						<line hits="1" number="146"/>
						<line hits="1" number="148"/>
						<line hits="1" number="150"/>
						<line hits="1" number="151"/>
						<line hits="1" number="152"/>
						<line hits="1" number="154"/>
						<line hits="1" number="155"/>
						<line hits="1" number="159"/>
						<line hits="1" number="162"/>
						<line hits="1" number="181"/>
						<line hits="1" number="182"/>
						<line hits="1" number="184"/>
						<line hits="1" number="185"/>
						<line hits="1" number="186"/>
						<line hits="1" number="187"/>
						<line hits="1" number="189"/>
						<line hits="1" number="190"/>
						<line hits="1" number="192"/>
						<line hits="1" number="194"/>
						<line hits="1" number="195"/>
						<line hits="1" number="196"/>
						<line hits="1" number="197"/>
						<line hits="1" number="198"/>
						<line hits="1" number="200"/>
						<line hits="1" number="202"/>
						<line hits="1" number="203"/>
						<line hits="1" number="206"/>
						<line hits="1" number="208"/>
						<line hits="1" number="209"/>
						<line hits="1" number="212"/>
						<line hits="1" number="216"/>
						<line hits="1" number="218"/>
						<line hits="1" number="219"/>
						<line hits="1" number="220"/>
						<line hits="1" number="221"/>
						<line hits="1" number="222"/>
						<line hits="1" number="224"/>
						<line hits="1" number="227"/>
						<line hits="1" number="249"/>
						<line hits="1" number="250"/>
						<line hits="0" number="251"/>
						<line hits="0" number="252"/>
						<line hits="1" number="254"/>
						<line hits="1" number="256"/>
						<line hits="1" number="257"/>
						<line hits="1" number="259"/>
						<line hits="1" number="261"/>
						<line hits="1" number="262"/>
						<line hits="1" number="263"/>
						<line hits="1" number="264"/>
						<line hits="1" number="266"/>
						<line hits="1" number="267"/>
						<line hits="1" number="268"/>
						<line hits="1" number="269"/>
						<line hits="1" number="270"/>
						<line hits="1" number="272"/>
						<line hits="1" number="273"/>
						<line hits="1" number="275"/>
						<line hits="1" number="278"/>
						<line hits="1" number="311"/>
						<line hits="1" number="313"/>
						<line hits="1" number="315"/>
						<line hits="1" number="317"/>
						<line hits="1" number="319"/>
						<line hits="1" number="321"/>
						<line hits="1" number="323"/>
						<line hits="1" number="325"/>
						<line hits="1" number="326"/>
						<line hits="1" number="328"/>
						<line hits="1" number="329"/>
						<line hits="1" number="330"/>
						<line hits="1" number="331"/>
						<line hits="1" number="332"/>
						<line hits="1" number="334"/>
						<line hits="1" number="336"/>
						<line hits="1" number="337"/>
						<line hits="1" number="339"/>
						<line hits="1" number="340"/>
						<line hits="1" number="342"/>
						<line hits="1" number="343"/>
						<line hits="1" number="345"/>
						<line hits="1" number="346"/>
						<line hits="1" number="347"/>
						<line hits="1" number="348"/>
						<line hits="1" number="349"/>
						<line hits="1" number="351"/>
						<line hits="1" number="352"/>
						<line hits="1" number="353"/>
						<line hits="1" number="365"/>
						<line hits="1" number="368"/>
						<line hits="1" number="406"/>
						<line hits="1" number="407"/>
						<line hits="1" number="409"/>
						<line hits="1" number="411"/>
						<line hits="1" number="412"/>
						<line hits="1" number="413"/>
						<line hits="1" number="414"/>
						<line hits="1" number="417"/>
						<line hits="1" number="419"/>
						<line hits="1" number="420"/>
						<line hits="1" number="422"/>
						<line hits="1" number="423"/>
						<line hits="1" number="425"/>
						<line hits="1" number="426"/>
						<line hits="1" number="428"/>
						<line hits="1" number="431"/>
						<line hits="1" number="432"/>
						<line hits="1" number="434"/>
						<line hits="1" number="435"/>
						<line hits="1" number="438"/>
						<line hits="1" number="439"/>
						<line hits="1" number="441"/>
						<line hits="1" number="442"/>
						<line hits="1" number="444"/>
						<line hits="1" number="449"/>
						<line hits="1" number="450"/>
						<line hits="1" number="452"/>
						<line hits="1" number="453"/>
						<line hits="1" number="454"/>
						<line hits="1" number="455"/>
						<line hits="1" number="456"/>
						<line hits="1" number="458"/>
						<line hits="1" number="459"/>
						<line hits="1" number="461"/>
						<line hits="1" number="462"/>
						<line hits="1" number="464"/>
						<line hits="1" number="465"/>
						<line hits="1" number="466"/>
						<line hits="1" number="468"/>
						<line hits="1" number="469"/>
						<line hits="1" number="470"/>
						<line hits="1" number="471"/>
						<line hits="1" number="472"/>
						<line hits="1" number="474"/>
						<line hits="1" number="475"/>
						<line hits="1" number="478"/>
						<line hits="1" number="479"/>
						<line hits="1" number="480"/>
						<line hits="1" number="481"/>
						<line hits="1" number="483"/>
						<line hits="1" number="484"/>
						<line hits="1" number="486"/>
						<line hits="1" number="487"/>
						<line hits="1" number="488"/>
						<line hits="1" number="490"/>
						<line hits="1" number="492"/>
						<line hits="1" number="493"/>
						<line hits="1" number="496"/>
						<line hits="1" number="499"/>
						<line hits="1" number="500"/>
						<line hits="1" number="501"/>
						<line hits="1" number="502"/>
						<line hits="1" number="503"/>
						<line hits="1" number="516"/>
						<line hits="1" number="528"/>
						<line hits="1" number="534"/>
						<line hits="1" number="536"/>
						<line hits="1" number="537"/>
						<line hits="1" number="539"/>
						<line hits="1" number="540"/>
						<line hits="1" number="542"/>
						<line hits="1" number="544"/>
						<line hits="1" number="545"/>
						<line hits="1" number="546"/>
						<line hits="1" number="547"/>
						<line hits="1" number="549"/>
						<line hits="1" number="551"/>
						<line hits="1" number="552"/>
						<line hits="1" number="553"/>
						<line hits="1" number="554"/>
						<line hits="1" number="555"/>
						<line hits="1" number="557"/>
						<line hits="1" number="558"/>
						<line hits="1" number="560"/>
						<line hits="1" number="561"/>
						<line hits="1" number="563"/>
					</lines>
				</class>
				<class branch-rate="0" complexity="0" filename="/home/makism/Github/dyconnmap-public-master/dyconnmap/graphs/vi.py" line-rate="1" name="vi.py">
					<methods/>
					<lines>
						<line hits="1" number="2"/>
						<line hits="1" number="33"/>
						<line hits="1" number="35"/>
						<line hits="1" number="38"/>
						<line hits="1" number="56"/>
						<line hits="1" number="57"/>
						<line hits="1" number="59"/>
						<line hits="1" number="62"/>
						<line hits="1" number="63"/>
						<line hits="1" number="65"/>
						<line hits="1" number="67"/>
						<line hits="1" number="68"/>
						<line hits="1" number="69"/>
						<line hits="1" number="71"/>
						<line hits="1" number="73"/>
						<line hits="1" number="76"/>
						<line hits="1" number="80"/>
						<line hits="1" number="81"/>
						<line hits="1" number="82"/>
						<line hits="1" number="83"/>
						<line hits="1" number="84"/>
						<line hits="1" number="85"/>
						<line hits="1" number="86"/>
						<line hits="1" number="87"/>
						<line hits="1" number="89"/>
						<line hits="1" number="92"/>
						<line hits="1" number="96"/>
						<line hits="1" number="98"/>
						<line hits="1" number="99"/>
						<line hits="1" number="101"/>
						<line hits="1" number="102"/>
						<line hits="1" number="103"/>
						<line hits="1" number="106"/>
						<line hits="1" number="107"/>
						<line hits="1" number="109"/>
						<line hits="1" number="111"/>
						<line hits="1" number="112"/>
						<line hits="1" number="114"/>
					</lines>
				</class>
			</classes>
		</package>
		<package branch-rate="0" complexity="0" line-rate="0" name=".home.makism.Github.dyconnmap-public-master.dyconnmap.sim_models">
			<classes>
				<class branch-rate="0" complexity="0" filename="/home/makism/Github/dyconnmap-public-master/dyconnmap/sim_models/__init__.py" line-rate="0" name="__init__.py">
					<methods/>
					<lines>
						<line hits="0" number="2"/>
						<line hits="0" number="5"/>
						<line hits="0" number="7"/>
					</lines>
				</class>
				<class branch-rate="0" complexity="0" filename="/home/makism/Github/dyconnmap-public-master/dyconnmap/sim_models/makinen.py" line-rate="0" name="makinen.py">
					<methods/>
					<lines>
						<line hits="0" number="2"/>
						<line hits="0" number="19"/>
						<line hits="0" number="22"/>
						<line hits="0" number="50"/>
						<line hits="0" number="52"/>
						<line hits="0" number="54"/>
						<line hits="0" number="55"/>
						<line hits="0" number="57"/>
						<line hits="0" number="58"/>
						<line hits="0" number="60"/>
						<line hits="0" number="63"/>
						<line hits="0" number="87"/>
						<line hits="0" number="88"/>
						<line hits="0" number="90"/>
						<line hits="0" number="91"/>
						<line hits="0" number="93"/>
						<line hits="0" number="95"/>
						<line hits="0" number="96"/>
						<line hits="0" number="97"/>
						<line hits="0" number="98"/>
						<line hits="0" number="99"/>
						<line hits="0" number="101"/>
						<line hits="0" number="102"/>
						<line hits="0" number="103"/>
						<line hits="0" number="105"/>
						<line hits="0" number="107"/>
						<line hits="0" number="108"/>
						<line hits="0" number="109"/>
						<line hits="0" number="111"/>
					</lines>
				</class>
			</classes>
		</package>
		<package branch-rate="0" complexity="0" line-rate="0.8971" name=".home.makism.Github.dyconnmap-public-master.dyconnmap.ts">
			<classes>
				<class branch-rate="0" complexity="0" filename="/home/makism/Github/dyconnmap-public-master/dyconnmap/ts/__init__.py" line-rate="1" name="__init__.py">
					<methods/>
					<lines>
						<line hits="1" number="2"/>
						<line hits="1" number="7"/>
						<line hits="1" number="8"/>
						<line hits="1" number="9"/>
						<line hits="1" number="10"/>
						<line hits="1" number="11"/>
						<line hits="1" number="12"/>
						<line hits="1" number="13"/>
						<line hits="1" number="14"/>
						<line hits="1" number="15"/>
						<line hits="1" number="16"/>
						<line hits="1" number="17"/>
						<line hits="1" number="18"/>
						<line hits="1" number="19"/>
						<line hits="1" number="20"/>
						<line hits="1" number="21"/>
						<line hits="1" number="22"/>
						<line hits="1" number="23"/>
						<line hits="1" number="24"/>
						<line hits="1" number="26"/>
					</lines>
				</class>
				<class branch-rate="0" complexity="0" filename="/home/makism/Github/dyconnmap-public-master/dyconnmap/ts/ci.py" line-rate="0.8548" name="ci.py">
					<methods/>
					<lines>
						<line hits="1" number="23"/>
						<line hits="1" number="26"/>
						<line hits="1" number="58"/>
						<line hits="1" number="59"/>
						<line hits="1" number="60"/>
						<line hits="1" number="62"/>
						<line hits="1" number="64"/>
						<line hits="0" number="65"/>
						<line hits="0" number="67"/>
						<line hits="0" number="68"/>
						<line hits="0" number="70"/>
						<line hits="0" number="71"/>
						<line hits="0" number="72"/>
						<line hits="0" number="73"/>
						<line hits="0" number="75"/>
						<line hits="0" number="77"/>
						<line hits="1" number="80"/>
						<line hits="1" number="83"/>
						<line hits="1" number="105"/>
						<line hits="1" number="107"/>
						<line hits="1" number="108"/>
						<line hits="1" number="110"/>
						<line hits="1" number="112"/>
						<line hits="1" number="113"/>
						<line hits="1" number="114"/>
						<line hits="1" number="116"/>
						<line hits="1" number="117"/>
						<line hits="1" number="119"/>
						<line hits="1" number="120"/>
						<line hits="1" number="122"/>
						<line hits="1" number="123"/>
						<line hits="1" number="125"/>
						<line hits="1" number="126"/>
						<line hits="1" number="127"/>
						<line hits="1" number="128"/>
						<line hits="1" number="130"/>
						<line hits="1" number="131"/>
						<line hits="1" number="132"/>
						<line hits="1" number="134"/>
						<line hits="1" number="135"/>
						<line hits="1" number="136"/>
						<line hits="1" number="137"/>
						<line hits="1" number="138"/>
						<line hits="1" number="140"/>
						<line hits="1" number="141"/>
						<line hits="1" number="143"/>
						<line hits="1" number="145"/>
						<line hits="1" number="146"/>
						<line hits="1" number="148"/>
						<line hits="1" number="149"/>
						<line hits="1" number="151"/>
						<line hits="1" number="153"/>
						<line hits="1" number="155"/>
						<line hits="1" number="158"/>
						<line hits="1" number="173"/>
						<line hits="1" number="174"/>
						<line hits="1" number="176"/>
						<line hits="1" number="178"/>
						<line hits="1" number="179"/>
						<line hits="1" number="180"/>
						<line hits="1" number="182"/>
						<line hits="1" number="184"/>
					</lines>
				</class>
				<class branch-rate="0" complexity="0" filename="/home/makism/Github/dyconnmap-public-master/dyconnmap/ts/cv.py" line-rate="1" name="cv.py">
					<methods/>
					<lines>
						<line hits="1" number="7"/>
						<line hits="1" number="10"/>
						<line hits="1" number="25"/>
					</lines>
				</class>
				<class branch-rate="0" complexity="0" filename="/home/makism/Github/dyconnmap-public-master/dyconnmap/ts/dcorr.py" line-rate="0.96" name="dcorr.py">
					<methods/>
					<lines>
						<line hits="1" number="11"/>
						<line hits="1" number="12"/>
						<line hits="1" number="15"/>
						<line hits="1" number="33"/>
						<line hits="1" number="34"/>
						<line hits="1" number="35"/>
						<line hits="0" number="36"/>
						<line hits="1" number="38"/>
						<line hits="1" number="39"/>
						<line hits="1" number="40"/>
						<line hits="1" number="41"/>
						<line hits="1" number="42"/>
						<line hits="1" number="43"/>
						<line hits="1" number="44"/>
						<line hits="1" number="45"/>
						<line hits="1" number="46"/>
						<line hits="1" number="48"/>
						<line hits="1" number="49"/>
						<line hits="1" number="51"/>
						<line hits="1" number="52"/>
						<line hits="1" number="54"/>
						<line hits="1" number="55"/>
						<line hits="1" number="56"/>
						<line hits="1" number="57"/>
						<line hits="1" number="59"/>
					</lines>
				</class>
				<class branch-rate="0" complexity="0" filename="/home/makism/Github/dyconnmap-public-master/dyconnmap/ts/embed_delay.py" line-rate="0.8947" name="embed_delay.py">
					<methods/>
					<lines>
						<line hits="1" number="2"/>
						<line hits="1" number="29"/>
						<line hits="1" number="32"/>
						<line hits="1" number="52"/>
						<line hits="1" number="53"/>
						<line hits="1" number="54"/>
						<line hits="1" number="56"/>
						<line hits="1" number="57"/>
						<line hits="1" number="58"/>
						<line hits="0" number="59"/>
						<line hits="1" number="61"/>
						<line hits="0" number="62"/>
						<line hits="1" number="64"/>
						<line hits="1" number="65"/>
						<line hits="1" number="66"/>
						<line hits="1" number="67"/>
						<line hits="1" number="68"/>
						<line hits="1" number="70"/>
						<line hits="1" number="72"/>
					</lines>
				</class>
				<class branch-rate="0" complexity="0" filename="/home/makism/Github/dyconnmap-public-master/dyconnmap/ts/entropy.py" line-rate="1" name="entropy.py">
					<methods/>
					<lines>
						<line hits="1" number="2"/>
						<line hits="1" number="7"/>
						<line hits="1" number="10"/>
						<line hits="1" number="24"/>
						<line hits="1" number="27"/>
						<line hits="1" number="28"/>
						<line hits="1" number="29"/>
						<line hits="1" number="31"/>
						<line hits="1" number="32"/>
						<line hits="1" number="33"/>
						<line hits="1" number="35"/>
					</lines>
				</class>
				<class branch-rate="0" complexity="0" filename="/home/makism/Github/dyconnmap-public-master/dyconnmap/ts/fisher_score.py" line-rate="0.8889" name="fisher_score.py">
					<methods/>
					<lines>
						<line hits="1" number="2"/>
						<line hits="1" number="15"/>
						<line hits="1" number="18"/>
						<line hits="1" number="19"/>
						<line hits="1" number="20"/>
						<line hits="1" number="22"/>
						<line hits="0" number="23"/>
						<line hits="1" number="25"/>
						<line hits="1" number="27"/>
					</lines>
				</class>
				<class branch-rate="0" complexity="0" filename="/home/makism/Github/dyconnmap-public-master/dyconnmap/ts/fisher_z.py" line-rate="0.8571" name="fisher_z.py">
					<methods/>
					<lines>
						<line hits="1" number="2"/>
						<line hits="1" number="15"/>
						<line hits="1" number="18"/>
						<line hits="0" number="30"/>
						<line hits="1" number="33"/>
						<line hits="1" number="46"/>
						<line hits="1" number="47"/>
					</lines>
				</class>
				<class branch-rate="0" complexity="0" filename="/home/makism/Github/dyconnmap-public-master/dyconnmap/ts/fnn.py" line-rate="1" name="fnn.py">
					<methods/>
					<lines>
						<line hits="1" number="2"/>
						<line hits="1" number="15"/>
						<line hits="1" number="18"/>
						<line hits="1" number="52"/>
						<line hits="1" number="54"/>
						<line hits="1" number="55"/>
						<line hits="1" number="56"/>
						<line hits="1" number="58"/>
						<line hits="1" number="59"/>
						<line hits="1" number="60"/>
						<line hits="1" number="61"/>
						<line hits="1" number="63"/>
						<line hits="1" number="64"/>
						<line hits="1" number="65"/>
						<line hits="1" number="66"/>
						<line hits="1" number="68"/>
						<line hits="1" number="69"/>
						<line hits="1" number="71"/>
						<line hits="1" number="72"/>
						<line hits="1" number="74"/>
						<line hits="1" number="75"/>
						<line hits="1" number="77"/>
						<line hits="1" number="78"/>
						<line hits="1" number="80"/>
						<line hits="1" number="81"/>
						<line hits="1" number="83"/>
						<line hits="1" number="84"/>
						<line hits="1" number="87"/>
						<line hits="1" number="89"/>
						<line hits="1" number="92"/>
						<line hits="1" number="93"/>
						<line hits="1" number="96"/>
						<line hits="1" number="101"/>
						<line hits="1" number="102"/>
						<line hits="1" number="103"/>
						<line hits="1" number="105"/>
						<line hits="1" number="106"/>
						<line hits="1" number="107"/>
						<line hits="1" number="108"/>
						<line hits="1" number="110"/>
						<line hits="1" number="111"/>
						<line hits="1" number="113"/>
						<line hits="1" number="114"/>
						<line hits="1" number="115"/>
						<line hits="1" number="116"/>
						<line hits="1" number="117"/>
						<line hits="1" number="119"/>
						<line hits="1" number="121"/>
					</lines>
				</class>
				<class branch-rate="0" complexity="0" filename="/home/makism/Github/dyconnmap-public-master/dyconnmap/ts/icc.py" line-rate="1" name="icc.py">
					<methods/>
					<lines>
						<line hits="1" number="16"/>
						<line hits="1" number="17"/>
						<line hits="1" number="20"/>
						<line hits="1" number="36"/>
						<line hits="1" number="37"/>
						<line hits="1" number="39"/>
						<line hits="1" number="40"/>
						<line hits="1" number="41"/>
						<line hits="1" number="43"/>
						<line hits="1" number="46"/>
						<line hits="1" number="50"/>
						<line hits="1" number="51"/>
						<line hits="1" number="53"/>
						<line hits="1" number="54"/>
						<line hits="1" number="55"/>
						<line hits="1" number="56"/>
						<line hits="1" number="58"/>
						<line hits="1" number="59"/>
						<line hits="1" number="61"/>
						<line hits="1" number="62"/>
						<line hits="1" number="64"/>
						<line hits="1" number="67"/>
						<line hits="1" number="68"/>
						<line hits="1" number="69"/>
						<line hits="1" number="70"/>
						<line hits="1" number="71"/>
						<line hits="1" number="72"/>
						<line hits="1" number="75"/>
						<line hits="1" number="76"/>
						<line hits="1" number="77"/>
						<line hits="1" number="78"/>
						<line hits="1" number="79"/>
						<line hits="1" number="80"/>
						<line hits="1" number="83"/>
						<line hits="1" number="84"/>
						<line hits="1" number="85"/>
						<line hits="1" number="88"/>
						<line hits="1" number="89"/>
						<line hits="1" number="90"/>
						<line hits="1" number="92"/>
					</lines>
				</class>
				<class branch-rate="0" complexity="0" filename="/home/makism/Github/dyconnmap-public-master/dyconnmap/ts/markov_matrix.py" line-rate="0.907" name="markov_matrix.py">
					<methods/>
					<lines>
						<line hits="1" number="8"/>
						<line hits="1" number="11"/>
						<line hits="1" number="65"/>
						<line hits="1" number="67"/>
						<line hits="1" number="68"/>
						<line hits="1" number="69"/>
						<line hits="0" number="71"/>
						<line hits="0" number="72"/>
						<line hits="0" number="73"/>
						<line hits="0" number="75"/>
						<line hits="1" number="77"/>
						<line hits="1" number="78"/>
						<line hits="1" number="79"/>
						<line hits="1" number="80"/>
						<line hits="1" number="82"/>
						<line hits="1" number="84"/>
						<line hits="1" number="86"/>
						<line hits="1" number="89"/>
						<line hits="1" number="106"/>
						<line hits="1" number="108"/>
						<line hits="1" number="110"/>
						<line hits="1" number="111"/>
						<line hits="1" number="113"/>
						<line hits="1" number="114"/>
						<line hits="1" number="115"/>
						<line hits="1" number="117"/>
						<line hits="1" number="118"/>
						<line hits="1" number="120"/>
						<line hits="1" number="123"/>
						<line hits="1" number="148"/>
						<line hits="1" number="150"/>
						<line hits="1" number="151"/>
						<line hits="1" number="153"/>
						<line hits="1" number="154"/>
						<line hits="1" number="156"/>
						<line hits="1" number="157"/>
						<line hits="1" number="159"/>
						<line hits="1" number="160"/>
						<line hits="1" number="161"/>
						<line hits="1" number="163"/>
						<line hits="1" number="164"/>
						<line hits="1" number="166"/>
						<line hits="1" number="168"/>
					</lines>
				</class>
				<class branch-rate="0" complexity="0" filename="/home/makism/Github/dyconnmap-public-master/dyconnmap/ts/ordinal_pattern_similarity.py" line-rate="0.9787" name="ordinal_pattern_similarity.py">
					<methods/>
					<lines>
						<line hits="1" number="2"/>
						<line hits="1" number="17"/>
						<line hits="1" number="18"/>
						<line hits="1" number="19"/>
						<line hits="1" number="20"/>
						<line hits="1" number="22"/>
						<line hits="1" number="25"/>
						<line hits="1" number="66"/>
						<line hits="0" number="67"/>
						<line hits="1" number="69"/>
						<line hits="1" number="70"/>
						<line hits="1" number="72"/>
						<line hits="1" number="73"/>
						<line hits="1" number="75"/>
						<line hits="1" number="77"/>
						<line hits="1" number="78"/>
						<line hits="1" number="79"/>
						<line hits="1" number="80"/>
						<line hits="1" number="81"/>
						<line hits="1" number="84"/>
						<line hits="1" number="85"/>
						<line hits="1" number="86"/>
						<line hits="1" number="87"/>
						<line hits="1" number="89"/>
						<line hits="1" number="92"/>
						<line hits="1" number="93"/>
						<line hits="1" number="94"/>
						<line hits="1" number="96"/>
						<line hits="1" number="98"/>
						<line hits="1" number="100"/>
						<line hits="1" number="101"/>
						<line hits="1" number="103"/>
						<line hits="1" number="104"/>
						<line hits="1" number="105"/>
						<line hits="1" number="106"/>
						<line hits="1" number="107"/>
						<line hits="1" number="109"/>
						<line hits="1" number="110"/>
						<line hits="1" number="112"/>
						<line hits="1" number="113"/>
						<line hits="1" number="114"/>
						<line hits="1" number="116"/>
						<line hits="1" number="118"/>
						<line hits="1" number="120"/>
						<line hits="1" number="121"/>
						<line hits="1" number="122"/>
						<line hits="1" number="124"/>
					</lines>
				</class>
				<class branch-rate="0" complexity="0" filename="/home/makism/Github/dyconnmap-public-master/dyconnmap/ts/permutation_entropy.py" line-rate="1" name="permutation_entropy.py">
					<methods/>
					<lines>
						<line hits="1" number="2"/>
						<line hits="1" number="15"/>
						<line hits="1" number="16"/>
						<line hits="1" number="17"/>
						<line hits="1" number="19"/>
						<line hits="1" number="22"/>
						<line hits="1" number="46"/>
						<line hits="1" number="48"/>
						<line hits="1" number="50"/>
						<line hits="1" number="52"/>
						<line hits="1" number="53"/>
						<line hits="1" number="54"/>
						<line hits="1" number="55"/>
						<line hits="1" number="56"/>
						<line hits="1" number="58"/>
						<line hits="1" number="60"/>
						<line hits="1" number="61"/>
						<line hits="1" number="63"/>
						<line hits="1" number="64"/>
						<line hits="1" number="65"/>
						<line hits="1" number="67"/>
						<line hits="1" number="68"/>
						<line hits="1" number="70"/>
						<line hits="1" number="71"/>
						<line hits="1" number="72"/>
						<line hits="1" number="73"/>
						<line hits="1" number="75"/>
						<line hits="1" number="76"/>
						<line hits="1" number="78"/>
					</lines>
				</class>
				<class branch-rate="0" complexity="0" filename="/home/makism/Github/dyconnmap-public-master/dyconnmap/ts/rr_order_patterns.py" line-rate="0.9706" name="rr_order_patterns.py">
					<methods/>
					<lines>
						<line hits="1" number="2"/>
						<line hits="1" number="17"/>
						<line hits="1" number="18"/>
						<line hits="1" number="19"/>
						<line hits="1" number="20"/>
						<line hits="1" number="22"/>
						<line hits="1" number="25"/>
						<line hits="1" number="64"/>
						<line hits="0" number="65"/>
						<line hits="1" number="67"/>
						<line hits="1" number="68"/>
						<line hits="1" number="70"/>
						<line hits="1" number="72"/>
						<line hits="1" number="74"/>
						<line hits="1" number="75"/>
						<line hits="1" number="76"/>
						<line hits="1" number="77"/>
						<line hits="1" number="78"/>
						<line hits="1" number="81"/>
						<line hits="1" number="82"/>
						<line hits="1" number="83"/>
						<line hits="1" number="84"/>
						<line hits="1" number="86"/>
						<line hits="1" number="89"/>
						<line hits="1" number="90"/>
						<line hits="1" number="91"/>
						<line hits="1" number="93"/>
						<line hits="1" number="95"/>
						<line hits="1" number="97"/>
						<line hits="1" number="98"/>
						<line hits="1" number="99"/>
						<line hits="1" number="100"/>
						<line hits="1" number="102"/>
						<line hits="1" number="104"/>
					</lines>
				</class>
				<class branch-rate="0" complexity="0" filename="/home/makism/Github/dyconnmap-public-master/dyconnmap/ts/sampen.py" line-rate="0.9032" name="sampen.py">
					<methods/>
					<lines>
						<line hits="1" number="20"/>
						<line hits="1" number="21"/>
						<line hits="1" number="24"/>
						<line hits="1" number="53"/>
						<line hits="1" number="54"/>
						<line hits="1" number="56"/>
						<line hits="1" number="59"/>
						<line hits="0" number="60"/>
						<line hits="0" number="61"/>
						<line hits="0" number="62"/>
						<line hits="1" number="64"/>
						<line hits="1" number="65"/>
						<line hits="1" number="67"/>
						<line hits="1" number="68"/>
						<line hits="1" number="69"/>
						<line hits="1" number="71"/>
						<line hits="1" number="72"/>
						<line hits="1" number="73"/>
						<line hits="1" number="75"/>
						<line hits="1" number="76"/>
						<line hits="1" number="77"/>
						<line hits="1" number="79"/>
						<line hits="1" number="80"/>
						<line hits="1" number="81"/>
						<line hits="1" number="82"/>
						<line hits="1" number="84"/>
						<line hits="1" number="86"/>
						<line hits="1" number="87"/>
						<line hits="1" number="89"/>
						<line hits="1" number="91"/>
						<line hits="1" number="93"/>
					</lines>
				</class>
				<class branch-rate="0" complexity="0" filename="/home/makism/Github/dyconnmap-public-master/dyconnmap/ts/ste.py" line-rate="0.9062" name="ste.py">
					<methods/>
					<lines>
						<line hits="1" number="2"/>
						<line hits="1" number="8"/>
						<line hits="1" number="11"/>
						<line hits="1" number="26"/>
						<line hits="1" number="28"/>
						<line hits="1" number="30"/>
						<line hits="1" number="32"/>
						<line hits="1" number="33"/>
						<line hits="1" number="34"/>
						<line hits="1" number="36"/>
						<line hits="1" number="37"/>
						<line hits="1" number="39"/>
						<line hits="1" number="41"/>
						<line hits="1" number="42"/>
						<line hits="1" number="43"/>
						<line hits="1" number="45"/>
						<line hits="1" number="46"/>
						<line hits="1" number="48"/>
						<line hits="1" number="49"/>
						<line hits="1" number="50"/>
						<line hits="1" number="51"/>
						<line hits="1" number="53"/>
						<line hits="1" number="56"/>
						<line hits="1" number="58"/>
						<line hits="1" number="60"/>
						<line hits="1" number="61"/>
						<line hits="1" number="63"/>
						<line hits="1" number="64"/>
						<line hits="1" number="65"/>
						<line hits="1" number="66"/>
						<line hits="1" number="67"/>
						<line hits="1" number="69"/>
						<line hits="1" number="70"/>
						<line hits="1" number="72"/>
						<line hits="1" number="73"/>
						<line hits="1" number="75"/>
						<line hits="1" number="77"/>
						<line hits="1" number="80"/>
						<line hits="1" number="113"/>
						<line hits="0" number="114"/>
						<line hits="1" number="116"/>
						<line hits="1" number="118"/>
						<line hits="1" number="120"/>
						<line hits="1" number="121"/>
						<line hits="1" number="122"/>
						<line hits="1" number="123"/>
						<line hits="1" number="125"/>
						<line hits="1" number="126"/>
						<line hits="1" number="128"/>
						<line hits="1" number="129"/>
						<line hits="1" number="130"/>
						<line hits="1" number="131"/>
						<line hits="1" number="132"/>
						<line hits="1" number="133"/>
						<line hits="1" number="135"/>
						<line hits="1" number="136"/>
						<line hits="1" number="139"/>
						<line hits="1" number="141"/>
						<line hits="0" number="142"/>
						<line hits="0" number="143"/>
						<line hits="0" number="145"/>
						<line hits="0" number="146"/>
						<line hits="0" number="148"/>
						<line hits="0" number="149"/>
						<line hits="0" number="151"/>
						<line hits="0" number="152"/>
						<line hits="1" number="154"/>
						<line hits="1" number="157"/>
						<line hits="1" number="190"/>
						<line hits="1" number="191"/>
						<line hits="1" number="192"/>
						<line hits="1" number="193"/>
						<line hits="1" number="194"/>
						<line hits="1" number="196"/>
						<line hits="1" number="197"/>
						<line hits="1" number="198"/>
						<line hits="1" number="199"/>
						<line hits="1" number="200"/>
						<line hits="1" number="202"/>
						<line hits="1" number="203"/>
						<line hits="1" number="204"/>
						<line hits="1" number="205"/>
						<line hits="1" number="206"/>
						<line hits="1" number="208"/>
						<line hits="1" number="209"/>
						<line hits="1" number="210"/>
						<line hits="1" number="211"/>
						<line hits="1" number="212"/>
						<line hits="1" number="213"/>
						<line hits="1" number="217"/>
						<line hits="1" number="218"/>
						<line hits="1" number="220"/>
						<line hits="1" number="221"/>
						<line hits="1" number="223"/>
						<line hits="1" number="225"/>
						<line hits="1" number="227"/>
					</lines>
				</class>
				<class branch-rate="0" complexity="0" filename="/home/makism/Github/dyconnmap-public-master/dyconnmap/ts/surrogates.py" line-rate="0.9149" name="surrogates.py">
					<methods/>
					<lines>
						<line hits="1" number="2"/>
						<line hits="1" number="9"/>
						<line hits="1" number="10"/>
						<line hits="1" number="13"/>
						<line hits="1" number="44"/>
						<line hits="0" number="45"/>
						<line hits="1" number="47"/>
						<line hits="1" number="48"/>
						<line hits="1" number="49"/>
						<line hits="1" number="51"/>
						<line hits="1" number="53"/>
						<line hits="1" number="55"/>
						<line hits="1" number="56"/>
						<line hits="1" number="58"/>
						<line hits="1" number="59"/>
						<line hits="1" number="60"/>
						<line hits="1" number="62"/>
						<line hits="1" number="63"/>
						<line hits="1" number="66"/>
						<line hits="1" number="68"/>
						<line hits="1" number="70"/>
						<line hits="1" number="71"/>
						<line hits="1" number="72"/>
						<line hits="1" number="75"/>
						<line hits="1" number="76"/>
						<line hits="1" number="78"/>
						<line hits="1" number="79"/>
						<line hits="1" number="81"/>
						<line hits="1" number="82"/>
						<line hits="0" number="83"/>
						<line hits="1" number="85"/>
						<line hits="1" number="87"/>
						<line hits="1" number="89"/>
						<line hits="1" number="90"/>
						<line hits="1" number="92"/>
						<line hits="1" number="95"/>
						<line hits="1" number="113"/>
						<line hits="0" number="114"/>
						<line hits="1" number="116"/>
						<line hits="1" number="117"/>
						<line hits="1" number="119"/>
						<line hits="1" number="120"/>
						<line hits="1" number="121"/>
						<line hits="1" number="123"/>
						<line hits="1" number="124"/>
						<line hits="1" number="126"/>
						<line hits="1" number="128"/>
						<line hits="1" number="129"/>
						<line hits="1" number="131"/>
						<line hits="1" number="133"/>
						<line hits="1" number="136"/>
						<line hits="1" number="156"/>
						<line hits="1" number="157"/>
						<line hits="1" number="159"/>
						<line hits="1" number="161"/>
						<line hits="1" number="163"/>
						<line hits="1" number="165"/>
						<line hits="1" number="166"/>
						<line hits="1" number="168"/>
						<line hits="1" number="169"/>
						<line hits="1" number="170"/>
						<line hits="1" number="173"/>
						<line hits="1" number="174"/>
						<line hits="1" number="175"/>
						<line hits="1" number="176"/>
						<line hits="1" number="178"/>
						<line hits="1" number="179"/>
						<line hits="1" number="181"/>
						<line hits="1" number="184"/>
						<line hits="1" number="203"/>
						<line hits="0" number="204"/>
						<line hits="1" number="206"/>
						<line hits="1" number="207"/>
						<line hits="1" number="209"/>
						<line hits="1" number="211"/>
						<line hits="1" number="213"/>
						<line hits="1" number="214"/>
						<line hits="1" number="215"/>
						<line hits="1" number="217"/>
						<line hits="1" number="218"/>
						<line hits="1" number="219"/>
						<line hits="1" number="221"/>
						<line hits="1" number="222"/>
						<line hits="1" number="223"/>
						<line hits="1" number="225"/>
						<line hits="1" number="227"/>
						<line hits="1" number="228"/>
						<line hits="1" number="229"/>
						<line hits="0" number="231"/>
						<line hits="0" number="233"/>
						<line hits="0" number="234"/>
						<line hits="0" number="236"/>
						<line hits="1" number="238"/>
						<line hits="1" number="240"/>
					</lines>
				</class>
				<class branch-rate="0" complexity="0" filename="/home/makism/Github/dyconnmap-public-master/dyconnmap/ts/teager_kaiser_energy.py" line-rate="1" name="teager_kaiser_energy.py">
					<methods/>
					<lines>
						<line hits="1" number="2"/>
						<line hits="1" number="9"/>
						<line hits="1" number="12"/>
						<line hits="1" number="25"/>
						<line hits="1" number="26"/>
						<line hits="1" number="28"/>
						<line hits="1" number="29"/>
						<line hits="1" number="31"/>
						<line hits="1" number="32"/>
						<line hits="1" number="34"/>
					</lines>
				</class>
				<class branch-rate="0" complexity="0" filename="/home/makism/Github/dyconnmap-public-master/dyconnmap/ts/wald.py" line-rate="0.1515" name="wald.py">
					<methods/>
					<lines>
						<line hits="1" number="2"/>
						<line hits="1" number="8"/>
						<line hits="1" number="9"/>
						<line hits="1" number="10"/>
						<line hits="1" number="13"/>
						<line hits="0" number="39"/>
						<line hits="0" number="40"/>
						<line hits="0" number="42"/>
						<line hits="0" number="43"/>
						<line hits="0" number="44"/>
						<line hits="0" number="46"/>
						<line hits="0" number="48"/>
						<line hits="0" number="49"/>
						<line hits="0" number="51"/>
						<line hits="0" number="53"/>
						<line hits="0" number="54"/>
						<line hits="0" number="56"/>
						<line hits="0" number="57"/>
						<line hits="0" number="59"/>
						<line hits="0" number="61"/>
						<line hits="0" number="62"/>
						<line hits="0" number="64"/>
						<line hits="0" number="66"/>
						<line hits="0" number="67"/>
						<line hits="0" number="68"/>
						<line hits="0" number="70"/>
						<line hits="0" number="72"/>
						<line hits="0" number="73"/>
						<line hits="0" number="75"/>
						<line hits="0" number="77"/>
						<line hits="0" number="82"/>
						<line hits="0" number="84"/>
						<line hits="0" number="86"/>
					</lines>
				</class>
			</classes>
		</package>
	</packages>
</coverage>
